{"/home/runner/work/rxjs-collection/rxjs-collection/setup.js": {"path":"/home/runner/work/rxjs-collection/rxjs-collection/setup.js","all":false,"statementMap":{"0":{"start":{"line":1,"column":0},"end":{"line":1,"column":117}},"1":{"start":{"line":2,"column":0},"end":{"line":2,"column":126}},"2":{"start":{"line":3,"column":0},"end":{"line":3,"column":0}},"3":{"start":{"line":4,"column":0},"end":{"line":4,"column":24}},"4":{"start":{"line":5,"column":0},"end":{"line":5,"column":44}},"5":{"start":{"line":6,"column":0},"end":{"line":6,"column":39}},"6":{"start":{"line":7,"column":0},"end":{"line":7,"column":39}},"7":{"start":{"line":8,"column":0},"end":{"line":8,"column":51}},"8":{"start":{"line":9,"column":0},"end":{"line":9,"column":47}},"9":{"start":{"line":10,"column":0},"end":{"line":10,"column":3}},"10":{"start":{"line":11,"column":0},"end":{"line":11,"column":0}},"11":{"start":{"line":12,"column":0},"end":{"line":12,"column":17}},"12":{"start":{"line":13,"column":0},"end":{"line":13,"column":92}},"13":{"start":{"line":14,"column":0},"end":{"line":14,"column":3}},"14":{"start":{"line":15,"column":0},"end":{"line":15,"column":16}},"15":{"start":{"line":16,"column":0},"end":{"line":16,"column":90}},"16":{"start":{"line":17,"column":0},"end":{"line":17,"column":3}}},"s":{"0":1,"1":1,"2":1,"3":1,"4":1,"5":1,"6":1,"7":1,"8":1,"9":1,"10":1,"11":1,"12":10,"13":1,"14":1,"15":10,"16":1},"branchMap":{"0":{"type":"branch","line":12,"loc":{"start":{"line":12,"column":10},"end":{"line":14,"column":2}},"locations":[{"start":{"line":12,"column":10},"end":{"line":14,"column":2}}]},"1":{"type":"branch","line":13,"loc":{"start":{"line":13,"column":39},"end":{"line":13,"column":90}},"locations":[{"start":{"line":13,"column":39},"end":{"line":13,"column":90}}]},"2":{"type":"branch","line":15,"loc":{"start":{"line":15,"column":9},"end":{"line":17,"column":2}},"locations":[{"start":{"line":15,"column":9},"end":{"line":17,"column":2}}]},"3":{"type":"branch","line":16,"loc":{"start":{"line":16,"column":39},"end":{"line":16,"column":88}},"locations":[{"start":{"line":16,"column":39},"end":{"line":16,"column":88}}]}},"b":{"0":[10],"1":[50],"2":[10],"3":[50]},"fnMap":{},"f":{}}
,"/home/runner/work/rxjs-collection/rxjs-collection/packages/observables/index.js": {"path":"/home/runner/work/rxjs-collection/rxjs-collection/packages/observables/index.js","all":true,"statementMap":{},"s":{},"branchMap":{"0":{"type":"branch","line":1,"loc":{"start":{"line":1,"column":0},"end":{"line":1,"column":0}},"locations":[{"start":{"line":1,"column":0},"end":{"line":1,"column":0}}]}},"b":{"0":[1]},"fnMap":{"0":{"name":"(empty-report)","decl":{"start":{"line":1,"column":0},"end":{"line":1,"column":0}},"loc":{"start":{"line":1,"column":0},"end":{"line":1,"column":0}},"line":1}},"f":{"0":1}}
,"/home/runner/work/rxjs-collection/rxjs-collection/packages/observables/src/dom/window.js": {"path":"/home/runner/work/rxjs-collection/rxjs-collection/packages/observables/src/dom/window.js","all":false,"statementMap":{"0":{"start":{"line":1,"column":0},"end":{"line":1,"column":147}},"1":{"start":{"line":2,"column":0},"end":{"line":2,"column":0}},"2":{"start":{"line":3,"column":0},"end":{"line":3,"column":42}},"3":{"start":{"line":4,"column":0},"end":{"line":4,"column":11}},"4":{"start":{"line":5,"column":0},"end":{"line":5,"column":30}},"5":{"start":{"line":6,"column":0},"end":{"line":6,"column":30}},"6":{"start":{"line":7,"column":0},"end":{"line":7,"column":7}},"7":{"start":{"line":8,"column":0},"end":{"line":8,"column":30}},"8":{"start":{"line":9,"column":0},"end":{"line":9,"column":16}},"9":{"start":{"line":10,"column":0},"end":{"line":10,"column":2}}},"s":{"0":2,"1":2,"2":2,"3":2,"4":2,"5":2,"6":2,"7":2,"8":2,"9":2},"branchMap":{"0":{"type":"branch","line":8,"loc":{"start":{"line":8,"column":6},"end":{"line":8,"column":28}},"locations":[{"start":{"line":8,"column":6},"end":{"line":8,"column":28}}]}},"b":{"0":[11]},"fnMap":{},"f":{}}
,"/home/runner/work/rxjs-collection/rxjs-collection/packages/observables/src/dom/window.test.js": {"path":"/home/runner/work/rxjs-collection/rxjs-collection/packages/observables/src/dom/window.test.js","all":false,"statementMap":{"0":{"start":{"line":1,"column":0},"end":{"line":1,"column":112}},"1":{"start":{"line":2,"column":0},"end":{"line":2,"column":130}},"2":{"start":{"line":3,"column":0},"end":{"line":3,"column":152}},"3":{"start":{"line":4,"column":0},"end":{"line":4,"column":0}},"4":{"start":{"line":5,"column":0},"end":{"line":5,"column":138}},"5":{"start":{"line":6,"column":0},"end":{"line":6,"column":58}},"6":{"start":{"line":7,"column":0},"end":{"line":7,"column":0}},"7":{"start":{"line":8,"column":0},"end":{"line":8,"column":97}},"8":{"start":{"line":9,"column":0},"end":{"line":9,"column":45}},"9":{"start":{"line":10,"column":0},"end":{"line":10,"column":20}},"10":{"start":{"line":11,"column":0},"end":{"line":11,"column":0}},"11":{"start":{"line":12,"column":0},"end":{"line":12,"column":26}},"12":{"start":{"line":13,"column":0},"end":{"line":13,"column":61}},"13":{"start":{"line":14,"column":0},"end":{"line":14,"column":42}},"14":{"start":{"line":15,"column":0},"end":{"line":15,"column":7}},"15":{"start":{"line":16,"column":0},"end":{"line":16,"column":5}},"16":{"start":{"line":17,"column":0},"end":{"line":17,"column":0}},"17":{"start":{"line":18,"column":0},"end":{"line":18,"column":25}},"18":{"start":{"line":19,"column":0},"end":{"line":19,"column":16}},"19":{"start":{"line":20,"column":0},"end":{"line":20,"column":5}},"20":{"start":{"line":21,"column":0},"end":{"line":21,"column":0}},"21":{"start":{"line":22,"column":0},"end":{"line":22,"column":48}},"22":{"start":{"line":23,"column":0},"end":{"line":23,"column":28}},"23":{"start":{"line":24,"column":0},"end":{"line":24,"column":14}},"24":{"start":{"line":25,"column":0},"end":{"line":25,"column":15}},"25":{"start":{"line":26,"column":0},"end":{"line":26,"column":14}},"26":{"start":{"line":27,"column":0},"end":{"line":27,"column":14}},"27":{"start":{"line":28,"column":0},"end":{"line":28,"column":6}},"28":{"start":{"line":29,"column":0},"end":{"line":29,"column":0}},"29":{"start":{"line":30,"column":0},"end":{"line":30,"column":27}},"30":{"start":{"line":31,"column":0},"end":{"line":31,"column":31}},"31":{"start":{"line":32,"column":0},"end":{"line":32,"column":29}},"32":{"start":{"line":33,"column":0},"end":{"line":33,"column":28}},"33":{"start":{"line":34,"column":0},"end":{"line":34,"column":28}},"34":{"start":{"line":35,"column":0},"end":{"line":35,"column":6}},"35":{"start":{"line":36,"column":0},"end":{"line":36,"column":0}},"36":{"start":{"line":37,"column":0},"end":{"line":37,"column":55}},"37":{"start":{"line":38,"column":0},"end":{"line":38,"column":83}},"38":{"start":{"line":39,"column":0},"end":{"line":39,"column":83}},"39":{"start":{"line":40,"column":0},"end":{"line":40,"column":7}},"40":{"start":{"line":41,"column":0},"end":{"line":41,"column":5}},"41":{"start":{"line":42,"column":0},"end":{"line":42,"column":0}},"42":{"start":{"line":43,"column":0},"end":{"line":43,"column":69}},"43":{"start":{"line":44,"column":0},"end":{"line":44,"column":28}},"44":{"start":{"line":45,"column":0},"end":{"line":45,"column":14}},"45":{"start":{"line":46,"column":0},"end":{"line":46,"column":15}},"46":{"start":{"line":47,"column":0},"end":{"line":47,"column":14}},"47":{"start":{"line":48,"column":0},"end":{"line":48,"column":14}},"48":{"start":{"line":49,"column":0},"end":{"line":49,"column":6}},"49":{"start":{"line":50,"column":0},"end":{"line":50,"column":0}},"50":{"start":{"line":51,"column":0},"end":{"line":51,"column":27}},"51":{"start":{"line":52,"column":0},"end":{"line":52,"column":31}},"52":{"start":{"line":53,"column":0},"end":{"line":53,"column":29}},"53":{"start":{"line":54,"column":0},"end":{"line":54,"column":28}},"54":{"start":{"line":55,"column":0},"end":{"line":55,"column":28}},"55":{"start":{"line":56,"column":0},"end":{"line":56,"column":6}},"56":{"start":{"line":57,"column":0},"end":{"line":57,"column":0}},"57":{"start":{"line":58,"column":0},"end":{"line":58,"column":55}},"58":{"start":{"line":59,"column":0},"end":{"line":59,"column":83}},"59":{"start":{"line":60,"column":0},"end":{"line":60,"column":83}},"60":{"start":{"line":61,"column":0},"end":{"line":61,"column":7}},"61":{"start":{"line":62,"column":0},"end":{"line":62,"column":5}},"62":{"start":{"line":63,"column":0},"end":{"line":63,"column":3}}},"s":{"0":1,"1":1,"2":1,"3":1,"4":1,"5":1,"6":1,"7":1,"8":1,"9":1,"10":1,"11":1,"12":2,"13":2,"14":2,"15":1,"16":1,"17":1,"18":2,"19":1,"20":1,"21":1,"22":1,"23":1,"24":1,"25":1,"26":1,"27":1,"28":1,"29":1,"30":1,"31":1,"32":1,"33":1,"34":1,"35":1,"36":1,"37":1,"38":1,"39":1,"40":1,"41":1,"42":1,"43":1,"44":1,"45":1,"46":1,"47":1,"48":1,"49":1,"50":1,"51":1,"52":1,"53":1,"54":1,"55":1,"56":1,"57":1,"58":1,"59":1,"60":1,"61":1,"62":1},"branchMap":{"0":{"type":"branch","line":9,"loc":{"start":{"line":9,"column":32},"end":{"line":63,"column":2}},"locations":[{"start":{"line":9,"column":32},"end":{"line":63,"column":2}}]},"1":{"type":"branch","line":12,"loc":{"start":{"line":12,"column":13},"end":{"line":16,"column":3}},"locations":[{"start":{"line":12,"column":13},"end":{"line":16,"column":3}}]},"2":{"type":"branch","line":13,"loc":{"start":{"line":13,"column":38},"end":{"line":15,"column":5}},"locations":[{"start":{"line":13,"column":38},"end":{"line":15,"column":5}}]},"3":{"type":"branch","line":18,"loc":{"start":{"line":18,"column":12},"end":{"line":20,"column":3}},"locations":[{"start":{"line":18,"column":12},"end":{"line":20,"column":3}}]},"4":{"type":"branch","line":22,"loc":{"start":{"line":22,"column":35},"end":{"line":41,"column":3}},"locations":[{"start":{"line":22,"column":35},"end":{"line":41,"column":3}}]},"5":{"type":"branch","line":32,"loc":{"start":{"line":32,"column":9},"end":{"line":32,"column":28}},"locations":[{"start":{"line":32,"column":9},"end":{"line":32,"column":28}}]},"6":{"type":"branch","line":33,"loc":{"start":{"line":33,"column":9},"end":{"line":33,"column":27}},"locations":[{"start":{"line":33,"column":9},"end":{"line":33,"column":27}}]},"7":{"type":"branch","line":34,"loc":{"start":{"line":34,"column":9},"end":{"line":34,"column":28}},"locations":[{"start":{"line":34,"column":9},"end":{"line":34,"column":28}}]},"8":{"type":"branch","line":37,"loc":{"start":{"line":37,"column":22},"end":{"line":40,"column":5}},"locations":[{"start":{"line":37,"column":22},"end":{"line":40,"column":5}}]},"9":{"type":"branch","line":39,"loc":{"start":{"line":39,"column":69},"end":{"line":39,"column":79}},"locations":[{"start":{"line":39,"column":69},"end":{"line":39,"column":79}}]},"10":{"type":"branch","line":43,"loc":{"start":{"line":43,"column":56},"end":{"line":62,"column":3}},"locations":[{"start":{"line":43,"column":56},"end":{"line":62,"column":3}}]},"11":{"type":"branch","line":53,"loc":{"start":{"line":53,"column":9},"end":{"line":53,"column":28}},"locations":[{"start":{"line":53,"column":9},"end":{"line":53,"column":28}}]},"12":{"type":"branch","line":54,"loc":{"start":{"line":54,"column":9},"end":{"line":54,"column":27}},"locations":[{"start":{"line":54,"column":9},"end":{"line":54,"column":27}}]},"13":{"type":"branch","line":55,"loc":{"start":{"line":55,"column":9},"end":{"line":55,"column":28}},"locations":[{"start":{"line":55,"column":9},"end":{"line":55,"column":28}}]},"14":{"type":"branch","line":58,"loc":{"start":{"line":58,"column":22},"end":{"line":61,"column":5}},"locations":[{"start":{"line":58,"column":22},"end":{"line":61,"column":5}}]},"15":{"type":"branch","line":60,"loc":{"start":{"line":60,"column":69},"end":{"line":60,"column":79}},"locations":[{"start":{"line":60,"column":69},"end":{"line":60,"column":79}}]}},"b":{"0":[1],"1":[2],"2":[2],"3":[2],"4":[1],"5":[1],"6":[1],"7":[1],"8":[1],"9":[3],"10":[1],"11":[1],"12":[1],"13":[1],"14":[1],"15":[3]},"fnMap":{"0":{"name":"b","decl":{"start":{"line":32,"column":9},"end":{"line":32,"column":28}},"loc":{"start":{"line":32,"column":9},"end":{"line":32,"column":28}},"line":32},"1":{"name":"c","decl":{"start":{"line":33,"column":9},"end":{"line":33,"column":27}},"loc":{"start":{"line":33,"column":9},"end":{"line":33,"column":27}},"line":33},"2":{"name":"d","decl":{"start":{"line":34,"column":9},"end":{"line":34,"column":28}},"loc":{"start":{"line":34,"column":9},"end":{"line":34,"column":28}},"line":34},"3":{"name":"b","decl":{"start":{"line":53,"column":9},"end":{"line":53,"column":28}},"loc":{"start":{"line":53,"column":9},"end":{"line":53,"column":28}},"line":53},"4":{"name":"c","decl":{"start":{"line":54,"column":9},"end":{"line":54,"column":27}},"loc":{"start":{"line":54,"column":9},"end":{"line":54,"column":27}},"line":54},"5":{"name":"d","decl":{"start":{"line":55,"column":9},"end":{"line":55,"column":28}},"loc":{"start":{"line":55,"column":9},"end":{"line":55,"column":28}},"line":55}},"f":{"0":1,"1":1,"2":1,"3":1,"4":1,"5":1}}
,"/home/runner/work/rxjs-collection/rxjs-collection/packages/operators/src/index.js": {"path":"/home/runner/work/rxjs-collection/rxjs-collection/packages/operators/src/index.js","all":true,"statementMap":{},"s":{},"branchMap":{"0":{"type":"branch","line":1,"loc":{"start":{"line":1,"column":0},"end":{"line":1,"column":0}},"locations":[{"start":{"line":1,"column":0},"end":{"line":1,"column":0}}]}},"b":{"0":[1]},"fnMap":{"0":{"name":"(empty-report)","decl":{"start":{"line":1,"column":0},"end":{"line":1,"column":0}},"loc":{"start":{"line":1,"column":0},"end":{"line":1,"column":0}},"line":1}},"f":{"0":1}}
,"/home/runner/work/rxjs-collection/rxjs-collection/packages/operators/src/log.js": {"path":"/home/runner/work/rxjs-collection/rxjs-collection/packages/operators/src/log.js","all":false,"statementMap":{"0":{"start":{"line":1,"column":0},"end":{"line":1,"column":119}},"1":{"start":{"line":2,"column":0},"end":{"line":2,"column":0}},"2":{"start":{"line":3,"column":0},"end":{"line":3,"column":39}},"3":{"start":{"line":4,"column":0},"end":{"line":4,"column":20}},"4":{"start":{"line":5,"column":0},"end":{"line":5,"column":17}},"5":{"start":{"line":6,"column":0},"end":{"line":6,"column":41}},"6":{"start":{"line":7,"column":0},"end":{"line":7,"column":32}},"7":{"start":{"line":8,"column":0},"end":{"line":8,"column":18}},"8":{"start":{"line":9,"column":0},"end":{"line":9,"column":29}},"9":{"start":{"line":10,"column":0},"end":{"line":10,"column":31}},"10":{"start":{"line":11,"column":0},"end":{"line":11,"column":12}},"11":{"start":{"line":12,"column":0},"end":{"line":12,"column":18}},"12":{"start":{"line":13,"column":0},"end":{"line":13,"column":31}},"13":{"start":{"line":14,"column":0},"end":{"line":14,"column":32}},"14":{"start":{"line":15,"column":0},"end":{"line":15,"column":12}},"15":{"start":{"line":16,"column":0},"end":{"line":16,"column":17}},"16":{"start":{"line":17,"column":0},"end":{"line":17,"column":54}},"17":{"start":{"line":18,"column":0},"end":{"line":18,"column":32}},"18":{"start":{"line":19,"column":0},"end":{"line":19,"column":11}},"19":{"start":{"line":20,"column":0},"end":{"line":20,"column":10}},"20":{"start":{"line":21,"column":0},"end":{"line":21,"column":9}},"21":{"start":{"line":22,"column":0},"end":{"line":22,"column":12}},"22":{"start":{"line":23,"column":0},"end":{"line":23,"column":20}},"23":{"start":{"line":24,"column":0},"end":{"line":24,"column":5}},"24":{"start":{"line":25,"column":0},"end":{"line":25,"column":4}},"25":{"start":{"line":26,"column":0},"end":{"line":26,"column":2}}},"s":{"0":1,"1":1,"2":1,"3":19,"4":19,"5":0,"6":0,"7":0,"8":0,"9":0,"10":0,"11":0,"12":0,"13":0,"14":0,"15":0,"16":0,"17":0,"18":0,"19":0,"20":0,"21":19,"22":19,"23":19,"24":19,"25":19},"branchMap":{"0":{"type":"branch","line":3,"loc":{"start":{"line":3,"column":19},"end":{"line":26,"column":2}},"locations":[{"start":{"line":3,"column":19},"end":{"line":26,"column":2}}]},"1":{"type":"branch","line":4,"loc":{"start":{"line":4,"column":9},"end":{"line":25,"column":3}},"locations":[{"start":{"line":4,"column":9},"end":{"line":25,"column":3}}]},"2":{"type":"branch","line":5,"loc":{"start":{"line":5,"column":16},"end":{"line":22,"column":5}},"locations":[{"start":{"line":5,"column":16},"end":{"line":22,"column":5}}]}},"b":{"0":[19],"1":[19],"2":[0]},"fnMap":{"0":{"name":"log","decl":{"start":{"line":3,"column":19},"end":{"line":26,"column":2}},"loc":{"start":{"line":3,"column":19},"end":{"line":26,"column":2}},"line":3}},"f":{"0":19}}
,"/home/runner/work/rxjs-collection/rxjs-collection/packages/operators/src/fetch/autoPagination.js": {"path":"/home/runner/work/rxjs-collection/rxjs-collection/packages/operators/src/fetch/autoPagination.js","all":false,"statementMap":{"0":{"start":{"line":1,"column":0},"end":{"line":1,"column":145}},"1":{"start":{"line":2,"column":0},"end":{"line":2,"column":0}},"2":{"start":{"line":3,"column":0},"end":{"line":3,"column":50}},"3":{"start":{"line":4,"column":0},"end":{"line":4,"column":0}},"4":{"start":{"line":5,"column":0},"end":{"line":5,"column":53}},"5":{"start":{"line":6,"column":0},"end":{"line":6,"column":18}},"6":{"start":{"line":7,"column":0},"end":{"line":7,"column":16}},"7":{"start":{"line":8,"column":0},"end":{"line":8,"column":30}},"8":{"start":{"line":9,"column":0},"end":{"line":9,"column":44}},"9":{"start":{"line":10,"column":0},"end":{"line":10,"column":21}},"10":{"start":{"line":11,"column":0},"end":{"line":11,"column":24}},"11":{"start":{"line":12,"column":0},"end":{"line":12,"column":47}},"12":{"start":{"line":13,"column":0},"end":{"line":13,"column":35}},"13":{"start":{"line":14,"column":0},"end":{"line":14,"column":24}},"14":{"start":{"line":15,"column":0},"end":{"line":15,"column":13}},"15":{"start":{"line":16,"column":0},"end":{"line":16,"column":11}},"16":{"start":{"line":17,"column":0},"end":{"line":17,"column":10}},"17":{"start":{"line":18,"column":0},"end":{"line":18,"column":9}},"18":{"start":{"line":19,"column":0},"end":{"line":19,"column":31}},"19":{"start":{"line":20,"column":0},"end":{"line":20,"column":6}},"20":{"start":{"line":21,"column":0},"end":{"line":21,"column":2}}},"s":{"0":1,"1":1,"2":1,"3":1,"4":1,"5":1,"6":1,"7":1,"8":1,"9":1,"10":1,"11":20,"12":20,"13":20,"14":20,"15":1,"16":1,"17":1,"18":1,"19":1,"20":1},"branchMap":{"0":{"type":"branch","line":5,"loc":{"start":{"line":5,"column":30},"end":{"line":21,"column":2}},"locations":[{"start":{"line":5,"column":30},"end":{"line":21,"column":2}}]},"1":{"type":"branch","line":6,"loc":{"start":{"line":6,"column":9},"end":{"line":20,"column":5}},"locations":[{"start":{"line":6,"column":9},"end":{"line":20,"column":5}}]},"2":{"type":"branch","line":8,"loc":{"start":{"line":8,"column":16},"end":{"line":18,"column":7}},"locations":[{"start":{"line":8,"column":16},"end":{"line":18,"column":7}}]},"3":{"type":"branch","line":11,"loc":{"start":{"line":11,"column":17},"end":{"line":15,"column":13}},"locations":[{"start":{"line":11,"column":17},"end":{"line":15,"column":13}}]},"4":{"type":"branch","line":13,"loc":{"start":{"line":13,"column":21},"end":{"line":13,"column":33}},"locations":[{"start":{"line":13,"column":21},"end":{"line":13,"column":33}}]},"5":{"type":"branch","line":19,"loc":{"start":{"line":19,"column":10},"end":{"line":19,"column":30}},"locations":[{"start":{"line":19,"column":10},"end":{"line":19,"column":30}}]}},"b":{"0":[1],"1":[1],"2":[1],"3":[20],"4":[20],"5":[20]},"fnMap":{"0":{"name":"autoPagination","decl":{"start":{"line":5,"column":30},"end":{"line":21,"column":2}},"loc":{"start":{"line":5,"column":30},"end":{"line":21,"column":2}},"line":5}},"f":{"0":1}}
,"/home/runner/work/rxjs-collection/rxjs-collection/packages/operators/src/fetch/autoPagination.test.js": {"path":"/home/runner/work/rxjs-collection/rxjs-collection/packages/operators/src/fetch/autoPagination.test.js","all":false,"statementMap":{"0":{"start":{"line":1,"column":0},"end":{"line":1,"column":127}},"1":{"start":{"line":2,"column":0},"end":{"line":2,"column":141}},"2":{"start":{"line":3,"column":0},"end":{"line":3,"column":0}},"3":{"start":{"line":4,"column":0},"end":{"line":4,"column":34}},"4":{"start":{"line":5,"column":0},"end":{"line":5,"column":62}},"5":{"start":{"line":6,"column":0},"end":{"line":6,"column":52}},"6":{"start":{"line":7,"column":0},"end":{"line":7,"column":0}},"7":{"start":{"line":8,"column":0},"end":{"line":8,"column":41}},"8":{"start":{"line":9,"column":0},"end":{"line":9,"column":26}},"9":{"start":{"line":10,"column":0},"end":{"line":10,"column":6}},"10":{"start":{"line":11,"column":0},"end":{"line":11,"column":5}},"11":{"start":{"line":12,"column":0},"end":{"line":12,"column":0}},"12":{"start":{"line":13,"column":0},"end":{"line":13,"column":45}},"13":{"start":{"line":14,"column":0},"end":{"line":14,"column":32}},"14":{"start":{"line":15,"column":0},"end":{"line":15,"column":67}},"15":{"start":{"line":16,"column":0},"end":{"line":16,"column":14}},"16":{"start":{"line":17,"column":0},"end":{"line":17,"column":26}},"17":{"start":{"line":18,"column":0},"end":{"line":18,"column":48}},"18":{"start":{"line":19,"column":0},"end":{"line":19,"column":76}},"19":{"start":{"line":20,"column":0},"end":{"line":20,"column":0}},"20":{"start":{"line":21,"column":0},"end":{"line":21,"column":71}},"21":{"start":{"line":22,"column":0},"end":{"line":22,"column":49}},"22":{"start":{"line":23,"column":0},"end":{"line":23,"column":72}},"23":{"start":{"line":24,"column":0},"end":{"line":24,"column":61}},"24":{"start":{"line":25,"column":0},"end":{"line":25,"column":65}},"25":{"start":{"line":26,"column":0},"end":{"line":26,"column":30}},"26":{"start":{"line":27,"column":0},"end":{"line":27,"column":15}},"27":{"start":{"line":28,"column":0},"end":{"line":28,"column":13}},"28":{"start":{"line":29,"column":0},"end":{"line":29,"column":13}},"29":{"start":{"line":30,"column":0},"end":{"line":30,"column":21}},"30":{"start":{"line":31,"column":0},"end":{"line":31,"column":24}},"31":{"start":{"line":32,"column":0},"end":{"line":32,"column":21}},"32":{"start":{"line":33,"column":0},"end":{"line":33,"column":42}},"33":{"start":{"line":34,"column":0},"end":{"line":34,"column":21}},"34":{"start":{"line":35,"column":0},"end":{"line":35,"column":9}},"35":{"start":{"line":36,"column":0},"end":{"line":36,"column":20}},"36":{"start":{"line":37,"column":0},"end":{"line":37,"column":36}},"37":{"start":{"line":38,"column":0},"end":{"line":38,"column":32}},"38":{"start":{"line":39,"column":0},"end":{"line":39,"column":11}},"39":{"start":{"line":40,"column":0},"end":{"line":40,"column":7}},"40":{"start":{"line":41,"column":0},"end":{"line":41,"column":5}},"41":{"start":{"line":42,"column":0},"end":{"line":42,"column":3}}},"s":{"0":1,"1":1,"2":1,"3":1,"4":1,"5":1,"6":1,"7":1,"8":1,"9":1,"10":1,"11":1,"12":1,"13":1,"14":1,"15":1,"16":1,"17":1,"18":21,"19":21,"20":21,"21":20,"22":20,"23":20,"24":20,"25":20,"26":20,"27":21,"28":1,"29":1,"30":1,"31":1,"32":1,"33":1,"34":1,"35":1,"36":1,"37":1,"38":1,"39":1,"40":1,"41":1},"branchMap":{"0":{"type":"branch","line":8,"loc":{"start":{"line":8,"column":28},"end":{"line":42,"column":2}},"locations":[{"start":{"line":8,"column":28},"end":{"line":42,"column":2}}]},"1":{"type":"branch","line":9,"loc":{"start":{"line":9,"column":13},"end":{"line":11,"column":3}},"locations":[{"start":{"line":9,"column":13},"end":{"line":11,"column":3}}]},"2":{"type":"branch","line":13,"loc":{"start":{"line":13,"column":26},"end":{"line":41,"column":3}},"locations":[{"start":{"line":13,"column":26},"end":{"line":41,"column":3}}]},"3":{"type":"branch","line":14,"loc":{"start":{"line":14,"column":23},"end":{"line":40,"column":5}},"locations":[{"start":{"line":14,"column":23},"end":{"line":40,"column":5}}]},"4":{"type":"branch","line":18,"loc":{"start":{"line":18,"column":26},"end":{"line":28,"column":13}},"locations":[{"start":{"line":18,"column":26},"end":{"line":28,"column":13}}]},"5":{"type":"branch","line":19,"loc":{"start":{"line":19,"column":38},"end":{"line":19,"column":44}},"locations":[{"start":{"line":19,"column":38},"end":{"line":19,"column":44}}]},"6":{"type":"branch","line":19,"loc":{"start":{"line":19,"column":48},"end":{"line":19,"column":75}},"locations":[{"start":{"line":19,"column":48},"end":{"line":19,"column":75}}]},"7":{"type":"branch","line":21,"loc":{"start":{"line":21,"column":30},"end":{"line":21,"column":68}},"locations":[{"start":{"line":21,"column":30},"end":{"line":21,"column":68}}]},"8":{"type":"branch","line":21,"loc":{"start":{"line":21,"column":70},"end":{"line":27,"column":15}},"locations":[{"start":{"line":21,"column":70},"end":{"line":27,"column":15}}]},"9":{"type":"branch","line":33,"loc":{"start":{"line":33,"column":14},"end":{"line":33,"column":40}},"locations":[{"start":{"line":33,"column":14},"end":{"line":33,"column":40}}]},"10":{"type":"branch","line":37,"loc":{"start":{"line":37,"column":16},"end":{"line":37,"column":35}},"locations":[{"start":{"line":37,"column":16},"end":{"line":37,"column":35}}]},"11":{"type":"branch","line":38,"loc":{"start":{"line":38,"column":20},"end":{"line":38,"column":32}},"locations":[{"start":{"line":38,"column":20},"end":{"line":38,"column":32}}]}},"b":{"0":[1],"1":[1],"2":[1],"3":[1],"4":[21],"5":[20],"6":[1],"7":[20],"8":[20],"9":[20],"10":[194],"11":[1]},"fnMap":{"0":{"name":"resolveRoute","decl":{"start":{"line":18,"column":26},"end":{"line":28,"column":13}},"loc":{"start":{"line":18,"column":26},"end":{"line":28,"column":13}},"line":18},"1":{"name":"next","decl":{"start":{"line":37,"column":16},"end":{"line":37,"column":35}},"loc":{"start":{"line":37,"column":16},"end":{"line":37,"column":35}},"line":37},"2":{"name":"complete","decl":{"start":{"line":38,"column":20},"end":{"line":38,"column":32}},"loc":{"start":{"line":38,"column":20},"end":{"line":38,"column":32}},"line":38}},"f":{"0":21,"1":194,"2":1}}
,"/home/runner/work/rxjs-collection/rxjs-collection/packages/operators/src/fetch/concurrentDownload.js": {"path":"/home/runner/work/rxjs-collection/rxjs-collection/packages/operators/src/fetch/concurrentDownload.js","all":false,"statementMap":{"0":{"start":{"line":1,"column":0},"end":{"line":1,"column":121}},"1":{"start":{"line":2,"column":0},"end":{"line":2,"column":0}},"2":{"start":{"line":3,"column":0},"end":{"line":3,"column":50}},"3":{"start":{"line":4,"column":0},"end":{"line":4,"column":0}},"4":{"start":{"line":5,"column":0},"end":{"line":5,"column":55}},"5":{"start":{"line":6,"column":0},"end":{"line":6,"column":86}},"6":{"start":{"line":7,"column":0},"end":{"line":7,"column":2}}},"s":{"0":1,"1":1,"2":1,"3":1,"4":1,"5":2,"6":2},"branchMap":{"0":{"type":"branch","line":5,"loc":{"start":{"line":5,"column":34},"end":{"line":7,"column":2}},"locations":[{"start":{"line":5,"column":34},"end":{"line":7,"column":2}}]},"1":{"type":"branch","line":6,"loc":{"start":{"line":6,"column":9},"end":{"line":6,"column":85}},"locations":[{"start":{"line":6,"column":9},"end":{"line":6,"column":85}}]},"2":{"type":"branch","line":6,"loc":{"start":{"line":6,"column":40},"end":{"line":6,"column":71}},"locations":[{"start":{"line":6,"column":40},"end":{"line":6,"column":71}}]}},"b":{"0":[2],"1":[2],"2":[17]},"fnMap":{"0":{"name":"concurrentDownload","decl":{"start":{"line":5,"column":34},"end":{"line":7,"column":2}},"loc":{"start":{"line":5,"column":34},"end":{"line":7,"column":2}},"line":5}},"f":{"0":2}}
,"/home/runner/work/rxjs-collection/rxjs-collection/packages/operators/src/fetch/concurrentDownload.test.js": {"path":"/home/runner/work/rxjs-collection/rxjs-collection/packages/operators/src/fetch/concurrentDownload.test.js","all":false,"statementMap":{"0":{"start":{"line":1,"column":0},"end":{"line":1,"column":127}},"1":{"start":{"line":2,"column":0},"end":{"line":2,"column":141}},"2":{"start":{"line":3,"column":0},"end":{"line":3,"column":0}},"3":{"start":{"line":4,"column":0},"end":{"line":4,"column":34}},"4":{"start":{"line":5,"column":0},"end":{"line":5,"column":70}},"5":{"start":{"line":6,"column":0},"end":{"line":6,"column":52}},"6":{"start":{"line":7,"column":0},"end":{"line":7,"column":0}},"7":{"start":{"line":8,"column":0},"end":{"line":8,"column":37}},"8":{"start":{"line":9,"column":0},"end":{"line":9,"column":26}},"9":{"start":{"line":10,"column":0},"end":{"line":10,"column":6}},"10":{"start":{"line":11,"column":0},"end":{"line":11,"column":5}},"11":{"start":{"line":12,"column":0},"end":{"line":12,"column":0}},"12":{"start":{"line":13,"column":0},"end":{"line":13,"column":48}},"13":{"start":{"line":14,"column":0},"end":{"line":14,"column":32}},"14":{"start":{"line":15,"column":0},"end":{"line":15,"column":9}},"15":{"start":{"line":16,"column":0},"end":{"line":16,"column":85}},"16":{"start":{"line":17,"column":0},"end":{"line":17,"column":86}},"17":{"start":{"line":18,"column":0},"end":{"line":18,"column":86}},"18":{"start":{"line":19,"column":0},"end":{"line":19,"column":86}},"19":{"start":{"line":20,"column":0},"end":{"line":20,"column":86}},"20":{"start":{"line":21,"column":0},"end":{"line":21,"column":86}},"21":{"start":{"line":22,"column":0},"end":{"line":22,"column":86}},"22":{"start":{"line":23,"column":0},"end":{"line":23,"column":86}},"23":{"start":{"line":24,"column":0},"end":{"line":24,"column":85}},"24":{"start":{"line":25,"column":0},"end":{"line":25,"column":7}},"25":{"start":{"line":26,"column":0},"end":{"line":26,"column":14}},"26":{"start":{"line":27,"column":0},"end":{"line":27,"column":32}},"27":{"start":{"line":28,"column":0},"end":{"line":28,"column":21}},"28":{"start":{"line":29,"column":0},"end":{"line":29,"column":24}},"29":{"start":{"line":30,"column":0},"end":{"line":30,"column":21}},"30":{"start":{"line":31,"column":0},"end":{"line":31,"column":42}},"31":{"start":{"line":32,"column":0},"end":{"line":32,"column":21}},"32":{"start":{"line":33,"column":0},"end":{"line":33,"column":9}},"33":{"start":{"line":34,"column":0},"end":{"line":34,"column":20}},"34":{"start":{"line":35,"column":0},"end":{"line":35,"column":36}},"35":{"start":{"line":36,"column":0},"end":{"line":36,"column":32}},"36":{"start":{"line":37,"column":0},"end":{"line":37,"column":11}},"37":{"start":{"line":38,"column":0},"end":{"line":38,"column":7}},"38":{"start":{"line":39,"column":0},"end":{"line":39,"column":5}},"39":{"start":{"line":40,"column":0},"end":{"line":40,"column":3}}},"s":{"0":1,"1":1,"2":1,"3":1,"4":1,"5":1,"6":1,"7":1,"8":1,"9":1,"10":1,"11":1,"12":1,"13":1,"14":1,"15":1,"16":1,"17":1,"18":1,"19":1,"20":1,"21":1,"22":1,"23":1,"24":1,"25":1,"26":1,"27":1,"28":1,"29":1,"30":1,"31":1,"32":1,"33":1,"34":1,"35":1,"36":1,"37":1,"38":1,"39":1},"branchMap":{"0":{"type":"branch","line":8,"loc":{"start":{"line":8,"column":24},"end":{"line":40,"column":2}},"locations":[{"start":{"line":8,"column":24},"end":{"line":40,"column":2}}]},"1":{"type":"branch","line":9,"loc":{"start":{"line":9,"column":13},"end":{"line":11,"column":3}},"locations":[{"start":{"line":9,"column":13},"end":{"line":11,"column":3}}]},"2":{"type":"branch","line":13,"loc":{"start":{"line":13,"column":29},"end":{"line":39,"column":3}},"locations":[{"start":{"line":13,"column":29},"end":{"line":39,"column":3}}]},"3":{"type":"branch","line":14,"loc":{"start":{"line":14,"column":23},"end":{"line":38,"column":5}},"locations":[{"start":{"line":14,"column":23},"end":{"line":38,"column":5}}]},"4":{"type":"branch","line":31,"loc":{"start":{"line":31,"column":14},"end":{"line":31,"column":40}},"locations":[{"start":{"line":31,"column":14},"end":{"line":31,"column":40}}]},"5":{"type":"branch","line":35,"loc":{"start":{"line":35,"column":16},"end":{"line":35,"column":35}},"locations":[{"start":{"line":35,"column":16},"end":{"line":35,"column":35}}]},"6":{"type":"branch","line":36,"loc":{"start":{"line":36,"column":20},"end":{"line":36,"column":32}},"locations":[{"start":{"line":36,"column":20},"end":{"line":36,"column":32}}]}},"b":{"0":[1],"1":[1],"2":[1],"3":[1],"4":[9],"5":[90],"6":[1]},"fnMap":{"0":{"name":"next","decl":{"start":{"line":35,"column":16},"end":{"line":35,"column":35}},"loc":{"start":{"line":35,"column":16},"end":{"line":35,"column":35}},"line":35},"1":{"name":"complete","decl":{"start":{"line":36,"column":20},"end":{"line":36,"column":32}},"loc":{"start":{"line":36,"column":20},"end":{"line":36,"column":32}},"line":36}},"f":{"0":90,"1":1}}
,"/home/runner/work/rxjs-collection/rxjs-collection/packages/operators/src/fetch/download.js": {"path":"/home/runner/work/rxjs-collection/rxjs-collection/packages/operators/src/fetch/download.js","all":false,"statementMap":{"0":{"start":{"line":1,"column":0},"end":{"line":1,"column":48}},"1":{"start":{"line":2,"column":0},"end":{"line":2,"column":78}},"2":{"start":{"line":3,"column":0},"end":{"line":3,"column":0}},"3":{"start":{"line":4,"column":0},"end":{"line":4,"column":31}},"4":{"start":{"line":5,"column":0},"end":{"line":5,"column":42}},"5":{"start":{"line":6,"column":0},"end":{"line":6,"column":2}},"6":{"start":{"line":7,"column":0},"end":{"line":7,"column":0}},"7":{"start":{"line":8,"column":0},"end":{"line":8,"column":35}},"8":{"start":{"line":9,"column":0},"end":{"line":9,"column":58}},"9":{"start":{"line":10,"column":0},"end":{"line":10,"column":2}},"10":{"start":{"line":11,"column":0},"end":{"line":11,"column":0}},"11":{"start":{"line":12,"column":0},"end":{"line":12,"column":35}},"12":{"start":{"line":13,"column":0},"end":{"line":13,"column":58}},"13":{"start":{"line":14,"column":0},"end":{"line":14,"column":2}},"14":{"start":{"line":15,"column":0},"end":{"line":15,"column":0}},"15":{"start":{"line":16,"column":0},"end":{"line":16,"column":35}},"16":{"start":{"line":17,"column":0},"end":{"line":17,"column":58}},"17":{"start":{"line":18,"column":0},"end":{"line":18,"column":2}}},"s":{"0":1,"1":1,"2":1,"3":1,"4":44,"5":44,"6":1,"7":1,"8":1,"9":1,"10":1,"11":1,"12":0,"13":0,"14":1,"15":1,"16":0,"17":0},"branchMap":{"0":{"type":"branch","line":4,"loc":{"start":{"line":4,"column":24},"end":{"line":6,"column":2}},"locations":[{"start":{"line":4,"column":24},"end":{"line":6,"column":2}}]},"1":{"type":"branch","line":5,"loc":{"start":{"line":5,"column":9},"end":{"line":5,"column":41}},"locations":[{"start":{"line":5,"column":9},"end":{"line":5,"column":41}}]},"2":{"type":"branch","line":8,"loc":{"start":{"line":8,"column":28},"end":{"line":10,"column":2}},"locations":[{"start":{"line":8,"column":28},"end":{"line":10,"column":2}}]},"3":{"type":"branch","line":9,"loc":{"start":{"line":9,"column":9},"end":{"line":9,"column":57}},"locations":[{"start":{"line":9,"column":9},"end":{"line":9,"column":57}}]}},"b":{"0":[44],"1":[44],"2":[1],"3":[1]},"fnMap":{"0":{"name":"download","decl":{"start":{"line":4,"column":24},"end":{"line":6,"column":2}},"loc":{"start":{"line":4,"column":24},"end":{"line":6,"column":2}},"line":4},"1":{"name":"downloadJSON","decl":{"start":{"line":8,"column":28},"end":{"line":10,"column":2}},"loc":{"start":{"line":8,"column":28},"end":{"line":10,"column":2}},"line":8},"2":{"name":"downloadText","decl":{"start":{"line":12,"column":28},"end":{"line":14,"column":2}},"loc":{"start":{"line":12,"column":28},"end":{"line":14,"column":2}},"line":12},"3":{"name":"downloadBlob","decl":{"start":{"line":16,"column":28},"end":{"line":18,"column":2}},"loc":{"start":{"line":16,"column":28},"end":{"line":18,"column":2}},"line":16}},"f":{"0":44,"1":1,"2":0,"3":0}}
,"/home/runner/work/rxjs-collection/rxjs-collection/packages/operators/src/fetch/download.test.js": {"path":"/home/runner/work/rxjs-collection/rxjs-collection/packages/operators/src/fetch/download.test.js","all":false,"statementMap":{"0":{"start":{"line":1,"column":0},"end":{"line":1,"column":120}},"1":{"start":{"line":2,"column":0},"end":{"line":2,"column":111}},"2":{"start":{"line":3,"column":0},"end":{"line":3,"column":152}},"3":{"start":{"line":4,"column":0},"end":{"line":4,"column":0}},"4":{"start":{"line":5,"column":0},"end":{"line":5,"column":34}},"5":{"start":{"line":6,"column":0},"end":{"line":6,"column":64}},"6":{"start":{"line":7,"column":0},"end":{"line":7,"column":52}},"7":{"start":{"line":8,"column":0},"end":{"line":8,"column":0}},"8":{"start":{"line":9,"column":0},"end":{"line":9,"column":43}},"9":{"start":{"line":10,"column":0},"end":{"line":10,"column":26}},"10":{"start":{"line":11,"column":0},"end":{"line":11,"column":31}},"11":{"start":{"line":12,"column":0},"end":{"line":12,"column":40}},"12":{"start":{"line":13,"column":0},"end":{"line":13,"column":13}},"13":{"start":{"line":14,"column":0},"end":{"line":14,"column":70}},"14":{"start":{"line":15,"column":0},"end":{"line":15,"column":22}},"15":{"start":{"line":16,"column":0},"end":{"line":16,"column":57}},"16":{"start":{"line":17,"column":0},"end":{"line":17,"column":11}},"17":{"start":{"line":18,"column":0},"end":{"line":18,"column":8}},"18":{"start":{"line":19,"column":0},"end":{"line":19,"column":21}},"19":{"start":{"line":20,"column":0},"end":{"line":20,"column":6}},"20":{"start":{"line":21,"column":0},"end":{"line":21,"column":5}},"21":{"start":{"line":22,"column":0},"end":{"line":22,"column":0}},"22":{"start":{"line":23,"column":0},"end":{"line":23,"column":25}},"23":{"start":{"line":24,"column":0},"end":{"line":24,"column":29}},"24":{"start":{"line":25,"column":0},"end":{"line":25,"column":5}},"25":{"start":{"line":26,"column":0},"end":{"line":26,"column":0}},"26":{"start":{"line":27,"column":0},"end":{"line":27,"column":60}},"27":{"start":{"line":28,"column":0},"end":{"line":28,"column":25}},"28":{"start":{"line":29,"column":0},"end":{"line":29,"column":43}},"29":{"start":{"line":30,"column":0},"end":{"line":30,"column":64}},"30":{"start":{"line":31,"column":0},"end":{"line":31,"column":20}},"31":{"start":{"line":32,"column":0},"end":{"line":32,"column":73}},"32":{"start":{"line":33,"column":0},"end":{"line":33,"column":32}},"33":{"start":{"line":34,"column":0},"end":{"line":34,"column":11}},"34":{"start":{"line":35,"column":0},"end":{"line":35,"column":8}},"35":{"start":{"line":36,"column":0},"end":{"line":36,"column":0}},"36":{"start":{"line":37,"column":0},"end":{"line":37,"column":58}},"37":{"start":{"line":38,"column":0},"end":{"line":38,"column":25}},"38":{"start":{"line":39,"column":0},"end":{"line":39,"column":43}},"39":{"start":{"line":40,"column":0},"end":{"line":40,"column":41}},"40":{"start":{"line":41,"column":0},"end":{"line":41,"column":20}},"41":{"start":{"line":42,"column":0},"end":{"line":42,"column":73}},"42":{"start":{"line":43,"column":0},"end":{"line":43,"column":32}},"43":{"start":{"line":44,"column":0},"end":{"line":44,"column":11}},"44":{"start":{"line":45,"column":0},"end":{"line":45,"column":8}},"45":{"start":{"line":46,"column":0},"end":{"line":46,"column":3}}},"s":{"0":1,"1":1,"2":1,"3":1,"4":1,"5":1,"6":1,"7":1,"8":1,"9":1,"10":2,"11":2,"12":2,"13":2,"14":2,"15":2,"16":2,"17":2,"18":2,"19":2,"20":1,"21":1,"22":1,"23":2,"24":1,"25":1,"26":1,"27":1,"28":1,"29":1,"30":1,"31":1,"32":1,"33":1,"34":1,"35":1,"36":1,"37":1,"38":1,"39":1,"40":1,"41":1,"42":1,"43":1,"44":1,"45":1},"branchMap":{"0":{"type":"branch","line":9,"loc":{"start":{"line":9,"column":30},"end":{"line":46,"column":2}},"locations":[{"start":{"line":9,"column":30},"end":{"line":46,"column":2}}]},"1":{"type":"branch","line":10,"loc":{"start":{"line":10,"column":13},"end":{"line":21,"column":3}},"locations":[{"start":{"line":10,"column":13},"end":{"line":21,"column":3}}]},"2":{"type":"branch","line":13,"loc":{"start":{"line":13,"column":6},"end":{"line":18,"column":7}},"locations":[{"start":{"line":13,"column":6},"end":{"line":18,"column":7}}]},"3":{"type":"branch","line":23,"loc":{"start":{"line":23,"column":12},"end":{"line":25,"column":3}},"locations":[{"start":{"line":23,"column":12},"end":{"line":25,"column":3}}]},"4":{"type":"branch","line":27,"loc":{"start":{"line":27,"column":55},"end":{"line":35,"column":6}},"locations":[{"start":{"line":27,"column":55},"end":{"line":35,"column":6}}]},"5":{"type":"branch","line":28,"loc":{"start":{"line":28,"column":16},"end":{"line":35,"column":5}},"locations":[{"start":{"line":28,"column":16},"end":{"line":35,"column":5}}]},"6":{"type":"branch","line":32,"loc":{"start":{"line":32,"column":16},"end":{"line":32,"column":72}},"locations":[{"start":{"line":32,"column":16},"end":{"line":32,"column":72}}]},"7":{"type":"branch","line":33,"loc":{"start":{"line":33,"column":20},"end":{"line":33,"column":32}},"locations":[{"start":{"line":33,"column":20},"end":{"line":33,"column":32}}]},"8":{"type":"branch","line":37,"loc":{"start":{"line":37,"column":53},"end":{"line":45,"column":6}},"locations":[{"start":{"line":37,"column":53},"end":{"line":45,"column":6}}]},"9":{"type":"branch","line":38,"loc":{"start":{"line":38,"column":16},"end":{"line":45,"column":5}},"locations":[{"start":{"line":38,"column":16},"end":{"line":45,"column":5}}]},"10":{"type":"branch","line":42,"loc":{"start":{"line":42,"column":16},"end":{"line":42,"column":72}},"locations":[{"start":{"line":42,"column":16},"end":{"line":42,"column":72}}]},"11":{"type":"branch","line":43,"loc":{"start":{"line":43,"column":20},"end":{"line":43,"column":32}},"locations":[{"start":{"line":43,"column":20},"end":{"line":43,"column":32}}]}},"b":{"0":[1],"1":[2],"2":[2],"3":[2],"4":[1],"5":[1],"6":[1],"7":[1],"8":[1],"9":[1],"10":[1],"11":[1]},"fnMap":{"0":{"name":"__vite_ssr_import_0__.default.mockGlobal.get.delay","decl":{"start":{"line":13,"column":6},"end":{"line":18,"column":7}},"loc":{"start":{"line":13,"column":6},"end":{"line":18,"column":7}},"line":13},"1":{"name":"next","decl":{"start":{"line":32,"column":16},"end":{"line":32,"column":72}},"loc":{"start":{"line":32,"column":16},"end":{"line":32,"column":72}},"line":32},"2":{"name":"complete","decl":{"start":{"line":33,"column":20},"end":{"line":33,"column":32}},"loc":{"start":{"line":33,"column":20},"end":{"line":33,"column":32}},"line":33},"3":{"name":"next","decl":{"start":{"line":42,"column":16},"end":{"line":42,"column":72}},"loc":{"start":{"line":42,"column":16},"end":{"line":42,"column":72}},"line":42},"4":{"name":"complete","decl":{"start":{"line":43,"column":20},"end":{"line":43,"column":32}},"loc":{"start":{"line":43,"column":20},"end":{"line":43,"column":32}},"line":43}},"f":{"0":2,"1":1,"2":1,"3":1,"4":1}}
,"/home/runner/work/rxjs-collection/rxjs-collection/packages/operators/src/fetch/lazyPagination.js": {"path":"/home/runner/work/rxjs-collection/rxjs-collection/packages/operators/src/fetch/lazyPagination.js","all":false,"statementMap":{"0":{"start":{"line":1,"column":0},"end":{"line":1,"column":123}},"1":{"start":{"line":2,"column":0},"end":{"line":2,"column":0}},"2":{"start":{"line":3,"column":0},"end":{"line":3,"column":70}},"3":{"start":{"line":4,"column":0},"end":{"line":4,"column":0}},"4":{"start":{"line":5,"column":0},"end":{"line":5,"column":53}},"5":{"start":{"line":6,"column":0},"end":{"line":6,"column":18}},"6":{"start":{"line":7,"column":0},"end":{"line":7,"column":16}},"7":{"start":{"line":8,"column":0},"end":{"line":8,"column":49}},"8":{"start":{"line":9,"column":0},"end":{"line":9,"column":26}},"9":{"start":{"line":10,"column":0},"end":{"line":10,"column":53}},"10":{"start":{"line":11,"column":0},"end":{"line":11,"column":40}},"11":{"start":{"line":12,"column":0},"end":{"line":12,"column":10}},"12":{"start":{"line":13,"column":0},"end":{"line":13,"column":8}},"13":{"start":{"line":14,"column":0},"end":{"line":14,"column":6}},"14":{"start":{"line":15,"column":0},"end":{"line":15,"column":2}}},"s":{"0":1,"1":1,"2":1,"3":1,"4":1,"5":1,"6":1,"7":1,"8":1,"9":1,"10":1,"11":1,"12":1,"13":1,"14":1},"branchMap":{"0":{"type":"branch","line":5,"loc":{"start":{"line":5,"column":30},"end":{"line":15,"column":2}},"locations":[{"start":{"line":5,"column":30},"end":{"line":15,"column":2}}]},"1":{"type":"branch","line":6,"loc":{"start":{"line":6,"column":9},"end":{"line":14,"column":5}},"locations":[{"start":{"line":6,"column":9},"end":{"line":14,"column":5}}]},"2":{"type":"branch","line":8,"loc":{"start":{"line":8,"column":16},"end":{"line":13,"column":7}},"locations":[{"start":{"line":8,"column":16},"end":{"line":13,"column":7}}]},"3":{"type":"branch","line":10,"loc":{"start":{"line":10,"column":14},"end":{"line":10,"column":51}},"locations":[{"start":{"line":10,"column":14},"end":{"line":10,"column":51}}]}},"b":{"0":[1],"1":[1],"2":[1],"3":[8]},"fnMap":{"0":{"name":"lazyPagination","decl":{"start":{"line":5,"column":30},"end":{"line":15,"column":2}},"loc":{"start":{"line":5,"column":30},"end":{"line":15,"column":2}},"line":5}},"f":{"0":1}}
,"/home/runner/work/rxjs-collection/rxjs-collection/packages/operators/src/fetch/lazyPagination.test.js": {"path":"/home/runner/work/rxjs-collection/rxjs-collection/packages/operators/src/fetch/lazyPagination.test.js","all":false,"statementMap":{"0":{"start":{"line":1,"column":0},"end":{"line":1,"column":136}},"1":{"start":{"line":2,"column":0},"end":{"line":2,"column":141}},"2":{"start":{"line":3,"column":0},"end":{"line":3,"column":0}},"3":{"start":{"line":4,"column":0},"end":{"line":4,"column":34}},"4":{"start":{"line":5,"column":0},"end":{"line":5,"column":62}},"5":{"start":{"line":6,"column":0},"end":{"line":6,"column":52}},"6":{"start":{"line":7,"column":0},"end":{"line":7,"column":0}},"7":{"start":{"line":8,"column":0},"end":{"line":8,"column":50}},"8":{"start":{"line":9,"column":0},"end":{"line":9,"column":26}},"9":{"start":{"line":10,"column":0},"end":{"line":10,"column":6}},"10":{"start":{"line":11,"column":0},"end":{"line":11,"column":5}},"11":{"start":{"line":12,"column":0},"end":{"line":12,"column":0}},"12":{"start":{"line":13,"column":0},"end":{"line":13,"column":57}},"13":{"start":{"line":14,"column":0},"end":{"line":14,"column":32}},"14":{"start":{"line":15,"column":0},"end":{"line":15,"column":0}},"15":{"start":{"line":16,"column":0},"end":{"line":16,"column":32}},"16":{"start":{"line":17,"column":0},"end":{"line":17,"column":82}},"17":{"start":{"line":18,"column":0},"end":{"line":18,"column":14}},"18":{"start":{"line":19,"column":0},"end":{"line":19,"column":26}},"19":{"start":{"line":20,"column":0},"end":{"line":20,"column":59}},"20":{"start":{"line":21,"column":0},"end":{"line":21,"column":47}},"21":{"start":{"line":22,"column":0},"end":{"line":22,"column":61}},"22":{"start":{"line":23,"column":0},"end":{"line":23,"column":54}},"23":{"start":{"line":24,"column":0},"end":{"line":24,"column":63}},"24":{"start":{"line":25,"column":0},"end":{"line":25,"column":28}},"25":{"start":{"line":26,"column":0},"end":{"line":26,"column":13}},"26":{"start":{"line":27,"column":0},"end":{"line":27,"column":13}},"27":{"start":{"line":28,"column":0},"end":{"line":28,"column":21}},"28":{"start":{"line":29,"column":0},"end":{"line":29,"column":24}},"29":{"start":{"line":30,"column":0},"end":{"line":30,"column":21}},"30":{"start":{"line":31,"column":0},"end":{"line":31,"column":42}},"31":{"start":{"line":32,"column":0},"end":{"line":32,"column":22}},"32":{"start":{"line":33,"column":0},"end":{"line":33,"column":20}},"33":{"start":{"line":34,"column":0},"end":{"line":34,"column":9}},"34":{"start":{"line":35,"column":0},"end":{"line":35,"column":20}},"35":{"start":{"line":36,"column":0},"end":{"line":36,"column":36}},"36":{"start":{"line":37,"column":0},"end":{"line":37,"column":32}},"37":{"start":{"line":38,"column":0},"end":{"line":38,"column":11}},"38":{"start":{"line":39,"column":0},"end":{"line":39,"column":0}},"39":{"start":{"line":40,"column":0},"end":{"line":40,"column":31}},"40":{"start":{"line":41,"column":0},"end":{"line":41,"column":31}},"41":{"start":{"line":42,"column":0},"end":{"line":42,"column":32}},"42":{"start":{"line":43,"column":0},"end":{"line":43,"column":31}},"43":{"start":{"line":44,"column":0},"end":{"line":44,"column":31}},"44":{"start":{"line":45,"column":0},"end":{"line":45,"column":31}},"45":{"start":{"line":46,"column":0},"end":{"line":46,"column":31}},"46":{"start":{"line":47,"column":0},"end":{"line":47,"column":31}},"47":{"start":{"line":48,"column":0},"end":{"line":48,"column":23}},"48":{"start":{"line":49,"column":0},"end":{"line":49,"column":7}},"49":{"start":{"line":50,"column":0},"end":{"line":50,"column":5}},"50":{"start":{"line":51,"column":0},"end":{"line":51,"column":3}}},"s":{"0":1,"1":1,"2":1,"3":1,"4":1,"5":1,"6":1,"7":1,"8":1,"9":1,"10":1,"11":1,"12":1,"13":1,"14":1,"15":1,"16":1,"17":1,"18":1,"19":1,"20":8,"21":8,"22":8,"23":8,"24":8,"25":8,"26":1,"27":1,"28":1,"29":1,"30":1,"31":1,"32":1,"33":1,"34":1,"35":1,"36":1,"37":1,"38":1,"39":1,"40":1,"41":1,"42":1,"43":1,"44":1,"45":1,"46":1,"47":1,"48":1,"49":1,"50":1},"branchMap":{"0":{"type":"branch","line":8,"loc":{"start":{"line":8,"column":37},"end":{"line":51,"column":2}},"locations":[{"start":{"line":8,"column":37},"end":{"line":51,"column":2}}]},"1":{"type":"branch","line":9,"loc":{"start":{"line":9,"column":13},"end":{"line":11,"column":3}},"locations":[{"start":{"line":9,"column":13},"end":{"line":11,"column":3}}]},"2":{"type":"branch","line":13,"loc":{"start":{"line":13,"column":38},"end":{"line":50,"column":3}},"locations":[{"start":{"line":13,"column":38},"end":{"line":50,"column":3}}]},"3":{"type":"branch","line":16,"loc":{"start":{"line":16,"column":23},"end":{"line":49,"column":5}},"locations":[{"start":{"line":16,"column":23},"end":{"line":49,"column":5}}]},"4":{"type":"branch","line":20,"loc":{"start":{"line":20,"column":26},"end":{"line":26,"column":13}},"locations":[{"start":{"line":20,"column":26},"end":{"line":26,"column":13}}]},"5":{"type":"branch","line":31,"loc":{"start":{"line":31,"column":14},"end":{"line":31,"column":40}},"locations":[{"start":{"line":31,"column":14},"end":{"line":31,"column":40}}]},"6":{"type":"branch","line":36,"loc":{"start":{"line":36,"column":16},"end":{"line":36,"column":35}},"locations":[{"start":{"line":36,"column":16},"end":{"line":36,"column":35}}]},"7":{"type":"branch","line":37,"loc":{"start":{"line":37,"column":20},"end":{"line":37,"column":32}},"locations":[{"start":{"line":37,"column":20},"end":{"line":37,"column":32}}]}},"b":{"0":[1],"1":[1],"2":[1],"3":[1],"4":[8],"5":[8],"6":[80],"7":[1]},"fnMap":{"0":{"name":"resolveRoute","decl":{"start":{"line":20,"column":26},"end":{"line":26,"column":13}},"loc":{"start":{"line":20,"column":26},"end":{"line":26,"column":13}},"line":20},"1":{"name":"next","decl":{"start":{"line":36,"column":16},"end":{"line":36,"column":35}},"loc":{"start":{"line":36,"column":16},"end":{"line":36,"column":35}},"line":36},"2":{"name":"complete","decl":{"start":{"line":37,"column":20},"end":{"line":37,"column":32}},"loc":{"start":{"line":37,"column":20},"end":{"line":37,"column":32}},"line":37}},"f":{"0":8,"1":80,"2":1}}
,"/home/runner/work/rxjs-collection/rxjs-collection/packages/operators/src/fetch/polling.js": {"path":"/home/runner/work/rxjs-collection/rxjs-collection/packages/operators/src/fetch/polling.js","all":false,"statementMap":{"0":{"start":{"line":1,"column":0},"end":{"line":1,"column":126}},"1":{"start":{"line":2,"column":0},"end":{"line":2,"column":0}},"2":{"start":{"line":3,"column":0},"end":{"line":3,"column":50}},"3":{"start":{"line":4,"column":0},"end":{"line":4,"column":70}},"4":{"start":{"line":5,"column":0},"end":{"line":5,"column":0}},"5":{"start":{"line":6,"column":0},"end":{"line":6,"column":44}},"6":{"start":{"line":7,"column":0},"end":{"line":7,"column":18}},"7":{"start":{"line":8,"column":0},"end":{"line":8,"column":16}},"8":{"start":{"line":9,"column":0},"end":{"line":9,"column":17}},"9":{"start":{"line":10,"column":0},"end":{"line":10,"column":68}},"10":{"start":{"line":11,"column":0},"end":{"line":11,"column":36}},"11":{"start":{"line":12,"column":0},"end":{"line":12,"column":6}},"12":{"start":{"line":13,"column":0},"end":{"line":13,"column":2}}},"s":{"0":1,"1":1,"2":1,"3":1,"4":1,"5":1,"6":1,"7":1,"8":1,"9":1,"10":1,"11":1,"12":1},"branchMap":{"0":{"type":"branch","line":6,"loc":{"start":{"line":6,"column":23},"end":{"line":13,"column":2}},"locations":[{"start":{"line":6,"column":23},"end":{"line":13,"column":2}}]},"1":{"type":"branch","line":7,"loc":{"start":{"line":7,"column":9},"end":{"line":12,"column":5}},"locations":[{"start":{"line":7,"column":9},"end":{"line":12,"column":5}}]},"2":{"type":"branch","line":10,"loc":{"start":{"line":10,"column":13},"end":{"line":10,"column":66}},"locations":[{"start":{"line":10,"column":13},"end":{"line":10,"column":66}}]}},"b":{"0":[1],"1":[1],"2":[3]},"fnMap":{"0":{"name":"polling","decl":{"start":{"line":6,"column":23},"end":{"line":13,"column":2}},"loc":{"start":{"line":6,"column":23},"end":{"line":13,"column":2}},"line":6}},"f":{"0":1}}
,"/home/runner/work/rxjs-collection/rxjs-collection/packages/operators/src/fetch/polling.test.js": {"path":"/home/runner/work/rxjs-collection/rxjs-collection/packages/operators/src/fetch/polling.test.js","all":false,"statementMap":{"0":{"start":{"line":1,"column":0},"end":{"line":1,"column":120}},"1":{"start":{"line":2,"column":0},"end":{"line":2,"column":117}},"2":{"start":{"line":3,"column":0},"end":{"line":3,"column":152}},"3":{"start":{"line":4,"column":0},"end":{"line":4,"column":0}},"4":{"start":{"line":5,"column":0},"end":{"line":5,"column":34}},"5":{"start":{"line":6,"column":0},"end":{"line":6,"column":48}},"6":{"start":{"line":7,"column":0},"end":{"line":7,"column":52}},"7":{"start":{"line":8,"column":0},"end":{"line":8,"column":0}},"8":{"start":{"line":9,"column":0},"end":{"line":9,"column":33}},"9":{"start":{"line":10,"column":0},"end":{"line":10,"column":26}},"10":{"start":{"line":11,"column":0},"end":{"line":11,"column":20}},"11":{"start":{"line":12,"column":0},"end":{"line":12,"column":73}},"12":{"start":{"line":13,"column":0},"end":{"line":13,"column":26}},"13":{"start":{"line":14,"column":0},"end":{"line":14,"column":70}},"14":{"start":{"line":15,"column":0},"end":{"line":15,"column":22}},"15":{"start":{"line":16,"column":0},"end":{"line":16,"column":57}},"16":{"start":{"line":17,"column":0},"end":{"line":17,"column":11}},"17":{"start":{"line":18,"column":0},"end":{"line":18,"column":7}},"18":{"start":{"line":19,"column":0},"end":{"line":19,"column":70}},"19":{"start":{"line":20,"column":0},"end":{"line":20,"column":20}},"20":{"start":{"line":21,"column":0},"end":{"line":21,"column":55}},"21":{"start":{"line":22,"column":0},"end":{"line":22,"column":9}},"22":{"start":{"line":23,"column":0},"end":{"line":23,"column":7}},"23":{"start":{"line":24,"column":0},"end":{"line":24,"column":5}},"24":{"start":{"line":25,"column":0},"end":{"line":25,"column":0}},"25":{"start":{"line":26,"column":0},"end":{"line":26,"column":25}},"26":{"start":{"line":27,"column":0},"end":{"line":27,"column":29}},"27":{"start":{"line":28,"column":0},"end":{"line":28,"column":5}},"28":{"start":{"line":29,"column":0},"end":{"line":29,"column":0}},"29":{"start":{"line":30,"column":0},"end":{"line":30,"column":42}},"30":{"start":{"line":31,"column":0},"end":{"line":31,"column":74}},"31":{"start":{"line":32,"column":0},"end":{"line":32,"column":0}},"32":{"start":{"line":33,"column":0},"end":{"line":33,"column":32}},"33":{"start":{"line":34,"column":0},"end":{"line":34,"column":52}},"34":{"start":{"line":35,"column":0},"end":{"line":35,"column":72}},"35":{"start":{"line":36,"column":0},"end":{"line":36,"column":20}},"36":{"start":{"line":37,"column":0},"end":{"line":37,"column":62}},"37":{"start":{"line":38,"column":0},"end":{"line":38,"column":32}},"38":{"start":{"line":39,"column":0},"end":{"line":39,"column":11}},"39":{"start":{"line":40,"column":0},"end":{"line":40,"column":7}},"40":{"start":{"line":41,"column":0},"end":{"line":41,"column":5}},"41":{"start":{"line":42,"column":0},"end":{"line":42,"column":3}}},"s":{"0":1,"1":1,"2":1,"3":1,"4":1,"5":1,"6":1,"7":1,"8":1,"9":1,"10":1,"11":1,"12":3,"13":2,"14":2,"15":2,"16":2,"17":2,"18":1,"19":1,"20":1,"21":1,"22":1,"23":1,"24":1,"25":1,"26":1,"27":1,"28":1,"29":1,"30":1,"31":1,"32":1,"33":1,"34":1,"35":1,"36":1,"37":1,"38":1,"39":1,"40":1,"41":1},"branchMap":{"0":{"type":"branch","line":9,"loc":{"start":{"line":9,"column":20},"end":{"line":42,"column":2}},"locations":[{"start":{"line":9,"column":20},"end":{"line":42,"column":2}}]},"1":{"type":"branch","line":10,"loc":{"start":{"line":10,"column":13},"end":{"line":24,"column":3}},"locations":[{"start":{"line":10,"column":13},"end":{"line":24,"column":3}}]},"2":{"type":"branch","line":12,"loc":{"start":{"line":12,"column":66},"end":{"line":23,"column":5}},"locations":[{"start":{"line":12,"column":66},"end":{"line":23,"column":5}}]},"3":{"type":"branch","line":13,"loc":{"start":{"line":13,"column":25},"end":{"line":18,"column":7}},"locations":[{"start":{"line":13,"column":25},"end":{"line":18,"column":7}}]},"4":{"type":"branch","line":19,"loc":{"start":{"line":19,"column":-1},"end":{"line":23,"column":4}},"locations":[{"start":{"line":19,"column":-1},"end":{"line":23,"column":4}}]},"5":{"type":"branch","line":26,"loc":{"start":{"line":26,"column":12},"end":{"line":28,"column":3}},"locations":[{"start":{"line":26,"column":12},"end":{"line":28,"column":3}}]},"6":{"type":"branch","line":30,"loc":{"start":{"line":30,"column":23},"end":{"line":41,"column":3}},"locations":[{"start":{"line":30,"column":23},"end":{"line":41,"column":3}}]},"7":{"type":"branch","line":33,"loc":{"start":{"line":33,"column":23},"end":{"line":40,"column":5}},"locations":[{"start":{"line":33,"column":23},"end":{"line":40,"column":5}}]},"8":{"type":"branch","line":37,"loc":{"start":{"line":37,"column":16},"end":{"line":37,"column":61}},"locations":[{"start":{"line":37,"column":16},"end":{"line":37,"column":61}}]},"9":{"type":"branch","line":38,"loc":{"start":{"line":38,"column":20},"end":{"line":38,"column":32}},"locations":[{"start":{"line":38,"column":20},"end":{"line":38,"column":32}}]}},"b":{"0":[1],"1":[1],"2":[3],"3":[2],"4":[1],"5":[1],"6":[1],"7":[1],"8":[2],"9":[1]},"fnMap":{"0":{"name":"next","decl":{"start":{"line":37,"column":16},"end":{"line":37,"column":61}},"loc":{"start":{"line":37,"column":16},"end":{"line":37,"column":61}},"line":37},"1":{"name":"complete","decl":{"start":{"line":38,"column":20},"end":{"line":38,"column":32}},"loc":{"start":{"line":38,"column":20},"end":{"line":38,"column":32}},"line":38}},"f":{"0":2,"1":1}}
,"/home/runner/work/rxjs-collection/rxjs-collection/packages/operators/src/fetch/request.js": {"path":"/home/runner/work/rxjs-collection/rxjs-collection/packages/operators/src/fetch/request.js","all":false,"statementMap":{"0":{"start":{"line":1,"column":0},"end":{"line":1,"column":118}},"1":{"start":{"line":2,"column":0},"end":{"line":2,"column":0}},"2":{"start":{"line":3,"column":0},"end":{"line":3,"column":51}},"3":{"start":{"line":4,"column":0},"end":{"line":4,"column":0}},"4":{"start":{"line":5,"column":0},"end":{"line":5,"column":30}},"5":{"start":{"line":6,"column":0},"end":{"line":6,"column":18}},"6":{"start":{"line":7,"column":0},"end":{"line":7,"column":16}},"7":{"start":{"line":8,"column":0},"end":{"line":8,"column":35}},"8":{"start":{"line":9,"column":0},"end":{"line":9,"column":20}},"9":{"start":{"line":10,"column":0},"end":{"line":10,"column":6}},"10":{"start":{"line":11,"column":0},"end":{"line":11,"column":2}}},"s":{"0":1,"1":1,"2":1,"3":1,"4":1,"5":46,"6":46,"7":46,"8":46,"9":46,"10":46},"branchMap":{"0":{"type":"branch","line":5,"loc":{"start":{"line":5,"column":23},"end":{"line":11,"column":2}},"locations":[{"start":{"line":5,"column":23},"end":{"line":11,"column":2}}]},"1":{"type":"branch","line":6,"loc":{"start":{"line":6,"column":9},"end":{"line":10,"column":5}},"locations":[{"start":{"line":6,"column":9},"end":{"line":10,"column":5}}]},"2":{"type":"branch","line":8,"loc":{"start":{"line":8,"column":16},"end":{"line":8,"column":33}},"locations":[{"start":{"line":8,"column":16},"end":{"line":8,"column":33}}]}},"b":{"0":[46],"1":[46],"2":[46]},"fnMap":{"0":{"name":"request","decl":{"start":{"line":5,"column":23},"end":{"line":11,"column":2}},"loc":{"start":{"line":5,"column":23},"end":{"line":11,"column":2}},"line":5}},"f":{"0":46}}
,"/home/runner/work/rxjs-collection/rxjs-collection/packages/operators/src/fetch/request.test.js": {"path":"/home/runner/work/rxjs-collection/rxjs-collection/packages/operators/src/fetch/request.test.js","all":false,"statementMap":{"0":{"start":{"line":1,"column":0},"end":{"line":1,"column":120}},"1":{"start":{"line":2,"column":0},"end":{"line":2,"column":111}},"2":{"start":{"line":3,"column":0},"end":{"line":3,"column":152}},"3":{"start":{"line":4,"column":0},"end":{"line":4,"column":0}},"4":{"start":{"line":5,"column":0},"end":{"line":5,"column":34}},"5":{"start":{"line":6,"column":0},"end":{"line":6,"column":48}},"6":{"start":{"line":7,"column":0},"end":{"line":7,"column":0}},"7":{"start":{"line":8,"column":0},"end":{"line":8,"column":67}},"8":{"start":{"line":9,"column":0},"end":{"line":9,"column":26}},"9":{"start":{"line":10,"column":0},"end":{"line":10,"column":20}},"10":{"start":{"line":11,"column":0},"end":{"line":11,"column":31}},"11":{"start":{"line":12,"column":0},"end":{"line":12,"column":40}},"12":{"start":{"line":13,"column":0},"end":{"line":13,"column":13}},"13":{"start":{"line":14,"column":0},"end":{"line":14,"column":70}},"14":{"start":{"line":15,"column":0},"end":{"line":15,"column":44}},"15":{"start":{"line":16,"column":0},"end":{"line":16,"column":57}},"16":{"start":{"line":17,"column":0},"end":{"line":17,"column":11}},"17":{"start":{"line":18,"column":0},"end":{"line":18,"column":8}},"18":{"start":{"line":19,"column":0},"end":{"line":19,"column":29}},"19":{"start":{"line":20,"column":0},"end":{"line":20,"column":6}},"20":{"start":{"line":21,"column":0},"end":{"line":21,"column":5}},"21":{"start":{"line":22,"column":0},"end":{"line":22,"column":0}},"22":{"start":{"line":23,"column":0},"end":{"line":23,"column":25}},"23":{"start":{"line":24,"column":0},"end":{"line":24,"column":29}},"24":{"start":{"line":25,"column":0},"end":{"line":25,"column":5}},"25":{"start":{"line":26,"column":0},"end":{"line":26,"column":0}},"26":{"start":{"line":27,"column":0},"end":{"line":27,"column":35}},"27":{"start":{"line":28,"column":0},"end":{"line":28,"column":25}},"28":{"start":{"line":29,"column":0},"end":{"line":29,"column":43}},"29":{"start":{"line":30,"column":0},"end":{"line":30,"column":36}},"30":{"start":{"line":31,"column":0},"end":{"line":31,"column":20}},"31":{"start":{"line":32,"column":0},"end":{"line":32,"column":65}},"32":{"start":{"line":33,"column":0},"end":{"line":33,"column":32}},"33":{"start":{"line":34,"column":0},"end":{"line":34,"column":11}},"34":{"start":{"line":35,"column":0},"end":{"line":35,"column":8}},"35":{"start":{"line":36,"column":0},"end":{"line":36,"column":3}}},"s":{"0":1,"1":1,"2":1,"3":1,"4":1,"5":1,"6":1,"7":1,"8":1,"9":1,"10":1,"11":1,"12":1,"13":3,"14":3,"15":3,"16":3,"17":1,"18":1,"19":1,"20":1,"21":1,"22":1,"23":1,"24":1,"25":1,"26":1,"27":1,"28":1,"29":1,"30":1,"31":1,"32":1,"33":1,"34":1,"35":1},"branchMap":{"0":{"type":"branch","line":8,"loc":{"start":{"line":8,"column":54},"end":{"line":36,"column":2}},"locations":[{"start":{"line":8,"column":54},"end":{"line":36,"column":2}}]},"1":{"type":"branch","line":9,"loc":{"start":{"line":9,"column":13},"end":{"line":21,"column":3}},"locations":[{"start":{"line":9,"column":13},"end":{"line":21,"column":3}}]},"2":{"type":"branch","line":13,"loc":{"start":{"line":13,"column":6},"end":{"line":18,"column":7}},"locations":[{"start":{"line":13,"column":6},"end":{"line":18,"column":7}}]},"3":{"type":"branch","line":15,"loc":{"start":{"line":15,"column":32},"end":{"line":15,"column":37}},"locations":[{"start":{"line":15,"column":32},"end":{"line":15,"column":37}}]},"4":{"type":"branch","line":15,"loc":{"start":{"line":15,"column":38},"end":{"line":15,"column":43}},"locations":[{"start":{"line":15,"column":38},"end":{"line":15,"column":43}}]},"5":{"type":"branch","line":23,"loc":{"start":{"line":23,"column":12},"end":{"line":25,"column":3}},"locations":[{"start":{"line":23,"column":12},"end":{"line":25,"column":3}}]},"6":{"type":"branch","line":27,"loc":{"start":{"line":27,"column":30},"end":{"line":35,"column":6}},"locations":[{"start":{"line":27,"column":30},"end":{"line":35,"column":6}}]},"7":{"type":"branch","line":28,"loc":{"start":{"line":28,"column":16},"end":{"line":35,"column":5}},"locations":[{"start":{"line":28,"column":16},"end":{"line":35,"column":5}}]},"8":{"type":"branch","line":32,"loc":{"start":{"line":32,"column":16},"end":{"line":32,"column":64}},"locations":[{"start":{"line":32,"column":16},"end":{"line":32,"column":64}}]},"9":{"type":"branch","line":33,"loc":{"start":{"line":33,"column":20},"end":{"line":33,"column":32}},"locations":[{"start":{"line":33,"column":20},"end":{"line":33,"column":32}}]}},"b":{"0":[1],"1":[1],"2":[3],"3":[1],"4":[2],"5":[1],"6":[1],"7":[1],"8":[1],"9":[1]},"fnMap":{"0":{"name":"__vite_ssr_import_0__.default.mockGlobal.get.delay","decl":{"start":{"line":13,"column":6},"end":{"line":18,"column":7}},"loc":{"start":{"line":13,"column":6},"end":{"line":18,"column":7}},"line":13},"1":{"name":"next","decl":{"start":{"line":32,"column":16},"end":{"line":32,"column":64}},"loc":{"start":{"line":32,"column":16},"end":{"line":32,"column":64}},"line":32},"2":{"name":"complete","decl":{"start":{"line":33,"column":20},"end":{"line":33,"column":32}},"loc":{"start":{"line":33,"column":20},"end":{"line":33,"column":32}},"line":33}},"f":{"0":3,"1":1,"2":1}}
,"/home/runner/work/rxjs-collection/rxjs-collection/packages/operators/src/fetch/resolve.js": {"path":"/home/runner/work/rxjs-collection/rxjs-collection/packages/operators/src/fetch/resolve.js","all":false,"statementMap":{"0":{"start":{"line":1,"column":0},"end":{"line":1,"column":118}},"1":{"start":{"line":2,"column":0},"end":{"line":2,"column":0}},"2":{"start":{"line":3,"column":0},"end":{"line":3,"column":43}},"3":{"start":{"line":4,"column":0},"end":{"line":4,"column":66}},"4":{"start":{"line":5,"column":0},"end":{"line":5,"column":2}},"5":{"start":{"line":6,"column":0},"end":{"line":6,"column":0}},"6":{"start":{"line":7,"column":0},"end":{"line":7,"column":34}},"7":{"start":{"line":8,"column":0},"end":{"line":8,"column":25}},"8":{"start":{"line":9,"column":0},"end":{"line":9,"column":2}},"9":{"start":{"line":10,"column":0},"end":{"line":10,"column":0}},"10":{"start":{"line":11,"column":0},"end":{"line":11,"column":34}},"11":{"start":{"line":12,"column":0},"end":{"line":12,"column":25}},"12":{"start":{"line":13,"column":0},"end":{"line":13,"column":2}},"13":{"start":{"line":14,"column":0},"end":{"line":14,"column":0}},"14":{"start":{"line":15,"column":0},"end":{"line":15,"column":34}},"15":{"start":{"line":16,"column":0},"end":{"line":16,"column":25}},"16":{"start":{"line":17,"column":0},"end":{"line":17,"column":2}}},"s":{"0":1,"1":1,"2":1,"3":10,"4":10,"5":1,"6":1,"7":8,"8":8,"9":1,"10":1,"11":2,"12":2,"13":1,"14":1,"15":0,"16":0},"branchMap":{"0":{"type":"branch","line":3,"loc":{"start":{"line":3,"column":23},"end":{"line":5,"column":2}},"locations":[{"start":{"line":3,"column":23},"end":{"line":5,"column":2}}]},"1":{"type":"branch","line":4,"loc":{"start":{"line":4,"column":9},"end":{"line":4,"column":65}},"locations":[{"start":{"line":4,"column":9},"end":{"line":4,"column":65}}]},"2":{"type":"branch","line":4,"loc":{"start":{"line":4,"column":41},"end":{"line":4,"column":63}},"locations":[{"start":{"line":4,"column":41},"end":{"line":4,"column":63}}]},"3":{"type":"branch","line":7,"loc":{"start":{"line":7,"column":27},"end":{"line":9,"column":2}},"locations":[{"start":{"line":7,"column":27},"end":{"line":9,"column":2}}]},"4":{"type":"branch","line":11,"loc":{"start":{"line":11,"column":27},"end":{"line":13,"column":2}},"locations":[{"start":{"line":11,"column":27},"end":{"line":13,"column":2}}]}},"b":{"0":[10],"1":[10],"2":[49],"3":[8],"4":[2]},"fnMap":{"0":{"name":"resolve","decl":{"start":{"line":3,"column":23},"end":{"line":5,"column":2}},"loc":{"start":{"line":3,"column":23},"end":{"line":5,"column":2}},"line":3},"1":{"name":"resolveJSON","decl":{"start":{"line":7,"column":27},"end":{"line":9,"column":2}},"loc":{"start":{"line":7,"column":27},"end":{"line":9,"column":2}},"line":7},"2":{"name":"resolveText","decl":{"start":{"line":11,"column":27},"end":{"line":13,"column":2}},"loc":{"start":{"line":11,"column":27},"end":{"line":13,"column":2}},"line":11},"3":{"name":"resolveBlob","decl":{"start":{"line":15,"column":27},"end":{"line":17,"column":2}},"loc":{"start":{"line":15,"column":27},"end":{"line":17,"column":2}},"line":15}},"f":{"0":10,"1":8,"2":2,"3":0}}
,"/home/runner/work/rxjs-collection/rxjs-collection/packages/operators/src/fetch/resolve.test.js": {"path":"/home/runner/work/rxjs-collection/rxjs-collection/packages/operators/src/fetch/resolve.test.js","all":false,"statementMap":{"0":{"start":{"line":1,"column":0},"end":{"line":1,"column":111}},"1":{"start":{"line":2,"column":0},"end":{"line":2,"column":152}},"2":{"start":{"line":3,"column":0},"end":{"line":3,"column":0}},"3":{"start":{"line":4,"column":0},"end":{"line":4,"column":34}},"4":{"start":{"line":5,"column":0},"end":{"line":5,"column":65}},"5":{"start":{"line":6,"column":0},"end":{"line":6,"column":0}},"6":{"start":{"line":7,"column":0},"end":{"line":7,"column":34}},"7":{"start":{"line":8,"column":0},"end":{"line":8,"column":26}},"8":{"start":{"line":9,"column":0},"end":{"line":9,"column":6}},"9":{"start":{"line":10,"column":0},"end":{"line":10,"column":5}},"10":{"start":{"line":11,"column":0},"end":{"line":11,"column":0}},"11":{"start":{"line":12,"column":0},"end":{"line":12,"column":25}},"12":{"start":{"line":13,"column":0},"end":{"line":13,"column":6}},"13":{"start":{"line":14,"column":0},"end":{"line":14,"column":5}},"14":{"start":{"line":15,"column":0},"end":{"line":15,"column":0}},"15":{"start":{"line":16,"column":0},"end":{"line":16,"column":30}},"16":{"start":{"line":17,"column":0},"end":{"line":17,"column":32}},"17":{"start":{"line":18,"column":0},"end":{"line":18,"column":58}},"18":{"start":{"line":19,"column":0},"end":{"line":19,"column":40}},"19":{"start":{"line":20,"column":0},"end":{"line":20,"column":20}},"20":{"start":{"line":21,"column":0},"end":{"line":21,"column":60}},"21":{"start":{"line":22,"column":0},"end":{"line":22,"column":32}},"22":{"start":{"line":23,"column":0},"end":{"line":23,"column":11}},"23":{"start":{"line":24,"column":0},"end":{"line":24,"column":7}},"24":{"start":{"line":25,"column":0},"end":{"line":25,"column":5}},"25":{"start":{"line":26,"column":0},"end":{"line":26,"column":0}},"26":{"start":{"line":27,"column":0},"end":{"line":27,"column":30}},"27":{"start":{"line":28,"column":0},"end":{"line":28,"column":32}},"28":{"start":{"line":29,"column":0},"end":{"line":29,"column":37}},"29":{"start":{"line":30,"column":0},"end":{"line":30,"column":40}},"30":{"start":{"line":31,"column":0},"end":{"line":31,"column":20}},"31":{"start":{"line":32,"column":0},"end":{"line":32,"column":51}},"32":{"start":{"line":33,"column":0},"end":{"line":33,"column":32}},"33":{"start":{"line":34,"column":0},"end":{"line":34,"column":11}},"34":{"start":{"line":35,"column":0},"end":{"line":35,"column":7}},"35":{"start":{"line":36,"column":0},"end":{"line":36,"column":5}},"36":{"start":{"line":37,"column":0},"end":{"line":37,"column":3}}},"s":{"0":1,"1":1,"2":1,"3":1,"4":1,"5":1,"6":1,"7":1,"8":2,"9":1,"10":1,"11":1,"12":2,"13":1,"14":1,"15":1,"16":1,"17":1,"18":1,"19":1,"20":1,"21":1,"22":1,"23":1,"24":1,"25":1,"26":1,"27":1,"28":1,"29":1,"30":1,"31":1,"32":1,"33":1,"34":1,"35":1,"36":1},"branchMap":{"0":{"type":"branch","line":7,"loc":{"start":{"line":7,"column":21},"end":{"line":37,"column":2}},"locations":[{"start":{"line":7,"column":21},"end":{"line":37,"column":2}}]},"1":{"type":"branch","line":8,"loc":{"start":{"line":8,"column":13},"end":{"line":10,"column":3}},"locations":[{"start":{"line":8,"column":13},"end":{"line":10,"column":3}}]},"2":{"type":"branch","line":12,"loc":{"start":{"line":12,"column":12},"end":{"line":14,"column":3}},"locations":[{"start":{"line":12,"column":12},"end":{"line":14,"column":3}}]},"3":{"type":"branch","line":16,"loc":{"start":{"line":16,"column":23},"end":{"line":25,"column":3}},"locations":[{"start":{"line":16,"column":23},"end":{"line":25,"column":3}}]},"4":{"type":"branch","line":17,"loc":{"start":{"line":17,"column":23},"end":{"line":24,"column":5}},"locations":[{"start":{"line":17,"column":23},"end":{"line":24,"column":5}}]},"5":{"type":"branch","line":21,"loc":{"start":{"line":21,"column":16},"end":{"line":21,"column":59}},"locations":[{"start":{"line":21,"column":16},"end":{"line":21,"column":59}}]},"6":{"type":"branch","line":22,"loc":{"start":{"line":22,"column":20},"end":{"line":22,"column":32}},"locations":[{"start":{"line":22,"column":20},"end":{"line":22,"column":32}}]},"7":{"type":"branch","line":27,"loc":{"start":{"line":27,"column":23},"end":{"line":36,"column":3}},"locations":[{"start":{"line":27,"column":23},"end":{"line":36,"column":3}}]},"8":{"type":"branch","line":28,"loc":{"start":{"line":28,"column":23},"end":{"line":35,"column":5}},"locations":[{"start":{"line":28,"column":23},"end":{"line":35,"column":5}}]},"9":{"type":"branch","line":32,"loc":{"start":{"line":32,"column":16},"end":{"line":32,"column":50}},"locations":[{"start":{"line":32,"column":16},"end":{"line":32,"column":50}}]},"10":{"type":"branch","line":33,"loc":{"start":{"line":33,"column":20},"end":{"line":33,"column":32}},"locations":[{"start":{"line":33,"column":20},"end":{"line":33,"column":32}}]}},"b":{"0":[1],"1":[2],"2":[2],"3":[1],"4":[1],"5":[1],"6":[1],"7":[1],"8":[1],"9":[1],"10":[1]},"fnMap":{"0":{"name":"next","decl":{"start":{"line":21,"column":16},"end":{"line":21,"column":59}},"loc":{"start":{"line":21,"column":16},"end":{"line":21,"column":59}},"line":21},"1":{"name":"complete","decl":{"start":{"line":22,"column":20},"end":{"line":22,"column":32}},"loc":{"start":{"line":22,"column":20},"end":{"line":22,"column":32}},"line":22},"2":{"name":"next","decl":{"start":{"line":32,"column":16},"end":{"line":32,"column":50}},"loc":{"start":{"line":32,"column":16},"end":{"line":32,"column":50}},"line":32},"3":{"name":"complete","decl":{"start":{"line":33,"column":20},"end":{"line":33,"column":32}},"loc":{"start":{"line":33,"column":20},"end":{"line":33,"column":32}},"line":33}},"f":{"0":1,"1":1,"2":1,"3":1}}
,"/home/runner/work/rxjs-collection/rxjs-collection/packages/operators/src/fetch/response.js": {"path":"/home/runner/work/rxjs-collection/rxjs-collection/packages/operators/src/fetch/response.js","all":false,"statementMap":{"0":{"start":{"line":1,"column":0},"end":{"line":1,"column":129}},"1":{"start":{"line":2,"column":0},"end":{"line":2,"column":145}},"2":{"start":{"line":3,"column":0},"end":{"line":3,"column":0}},"3":{"start":{"line":4,"column":0},"end":{"line":4,"column":51}},"4":{"start":{"line":5,"column":0},"end":{"line":5,"column":18}},"5":{"start":{"line":6,"column":0},"end":{"line":6,"column":16}},"6":{"start":{"line":7,"column":0},"end":{"line":7,"column":72}},"7":{"start":{"line":8,"column":0},"end":{"line":8,"column":97}},"8":{"start":{"line":9,"column":0},"end":{"line":9,"column":35}},"9":{"start":{"line":10,"column":0},"end":{"line":10,"column":6}},"10":{"start":{"line":11,"column":0},"end":{"line":11,"column":2}}},"s":{"0":1,"1":1,"2":1,"3":1,"4":2,"5":2,"6":2,"7":2,"8":2,"9":2,"10":2},"branchMap":{"0":{"type":"branch","line":4,"loc":{"start":{"line":4,"column":44},"end":{"line":11,"column":2}},"locations":[{"start":{"line":4,"column":44},"end":{"line":11,"column":2}}]},"1":{"type":"branch","line":5,"loc":{"start":{"line":5,"column":9},"end":{"line":10,"column":5}},"locations":[{"start":{"line":5,"column":9},"end":{"line":10,"column":5}}]},"2":{"type":"branch","line":7,"loc":{"start":{"line":7,"column":16},"end":{"line":7,"column":70}},"locations":[{"start":{"line":7,"column":16},"end":{"line":7,"column":70}}]},"3":{"type":"branch","line":8,"loc":{"start":{"line":8,"column":27},"end":{"line":8,"column":95}},"locations":[{"start":{"line":8,"column":27},"end":{"line":8,"column":95}}]},"4":{"type":"branch","line":9,"loc":{"start":{"line":9,"column":10},"end":{"line":9,"column":34}},"locations":[{"start":{"line":9,"column":10},"end":{"line":9,"column":34}}]}},"b":{"0":[2],"1":[2],"2":[11],"3":[9],"4":[7]},"fnMap":{"0":{"name":"distinctUntilResponseChanged","decl":{"start":{"line":4,"column":44},"end":{"line":11,"column":2}},"loc":{"start":{"line":4,"column":44},"end":{"line":11,"column":2}},"line":4}},"f":{"0":2}}
,"/home/runner/work/rxjs-collection/rxjs-collection/packages/operators/src/fetch/response.test.js": {"path":"/home/runner/work/rxjs-collection/rxjs-collection/packages/operators/src/fetch/response.test.js","all":false,"statementMap":{"0":{"start":{"line":1,"column":0},"end":{"line":1,"column":111}},"1":{"start":{"line":2,"column":0},"end":{"line":2,"column":152}},"2":{"start":{"line":3,"column":0},"end":{"line":3,"column":0}},"3":{"start":{"line":4,"column":0},"end":{"line":4,"column":34}},"4":{"start":{"line":5,"column":0},"end":{"line":5,"column":52}},"5":{"start":{"line":6,"column":0},"end":{"line":6,"column":70}},"6":{"start":{"line":7,"column":0},"end":{"line":7,"column":0}},"7":{"start":{"line":8,"column":0},"end":{"line":8,"column":34}},"8":{"start":{"line":9,"column":0},"end":{"line":9,"column":26}},"9":{"start":{"line":10,"column":0},"end":{"line":10,"column":6}},"10":{"start":{"line":11,"column":0},"end":{"line":11,"column":5}},"11":{"start":{"line":12,"column":0},"end":{"line":12,"column":0}},"12":{"start":{"line":13,"column":0},"end":{"line":13,"column":25}},"13":{"start":{"line":14,"column":0},"end":{"line":14,"column":6}},"14":{"start":{"line":15,"column":0},"end":{"line":15,"column":5}},"15":{"start":{"line":16,"column":0},"end":{"line":16,"column":0}},"16":{"start":{"line":17,"column":0},"end":{"line":17,"column":45}},"17":{"start":{"line":18,"column":0},"end":{"line":18,"column":27}},"18":{"start":{"line":19,"column":0},"end":{"line":19,"column":24}},"19":{"start":{"line":20,"column":0},"end":{"line":20,"column":24}},"20":{"start":{"line":21,"column":0},"end":{"line":21,"column":24}},"21":{"start":{"line":22,"column":0},"end":{"line":22,"column":24}},"22":{"start":{"line":23,"column":0},"end":{"line":23,"column":24}},"23":{"start":{"line":24,"column":0},"end":{"line":24,"column":24}},"24":{"start":{"line":25,"column":0},"end":{"line":25,"column":24}},"25":{"start":{"line":26,"column":0},"end":{"line":26,"column":23}},"26":{"start":{"line":27,"column":0},"end":{"line":27,"column":6}},"27":{"start":{"line":28,"column":0},"end":{"line":28,"column":53}},"28":{"start":{"line":29,"column":0},"end":{"line":29,"column":0}},"29":{"start":{"line":30,"column":0},"end":{"line":30,"column":32}},"30":{"start":{"line":31,"column":0},"end":{"line":31,"column":26}},"31":{"start":{"line":32,"column":0},"end":{"line":32,"column":84}},"32":{"start":{"line":33,"column":0},"end":{"line":33,"column":20}},"33":{"start":{"line":34,"column":0},"end":{"line":34,"column":60}},"34":{"start":{"line":35,"column":0},"end":{"line":35,"column":32}},"35":{"start":{"line":36,"column":0},"end":{"line":36,"column":11}},"36":{"start":{"line":37,"column":0},"end":{"line":37,"column":7}},"37":{"start":{"line":38,"column":0},"end":{"line":38,"column":5}},"38":{"start":{"line":39,"column":0},"end":{"line":39,"column":3}}},"s":{"0":1,"1":1,"2":1,"3":1,"4":1,"5":1,"6":1,"7":1,"8":1,"9":1,"10":1,"11":1,"12":1,"13":1,"14":1,"15":1,"16":1,"17":1,"18":1,"19":1,"20":1,"21":1,"22":1,"23":1,"24":1,"25":1,"26":1,"27":1,"28":1,"29":1,"30":1,"31":1,"32":1,"33":1,"34":1,"35":1,"36":1,"37":1,"38":1},"branchMap":{"0":{"type":"branch","line":8,"loc":{"start":{"line":8,"column":21},"end":{"line":39,"column":2}},"locations":[{"start":{"line":8,"column":21},"end":{"line":39,"column":2}}]},"1":{"type":"branch","line":9,"loc":{"start":{"line":9,"column":13},"end":{"line":11,"column":3}},"locations":[{"start":{"line":9,"column":13},"end":{"line":11,"column":3}}]},"2":{"type":"branch","line":13,"loc":{"start":{"line":13,"column":12},"end":{"line":15,"column":3}},"locations":[{"start":{"line":13,"column":12},"end":{"line":15,"column":3}}]},"3":{"type":"branch","line":17,"loc":{"start":{"line":17,"column":38},"end":{"line":38,"column":3}},"locations":[{"start":{"line":17,"column":38},"end":{"line":38,"column":3}}]},"4":{"type":"branch"
[...]
e":14,"column":0},"end":{"line":14,"column":132}},"14":{"start":{"line":15,"column":0},"end":{"line":15,"column":0}},"15":{"start":{"line":16,"column":0},"end":{"line":16,"column":75}},"16":{"start":{"line":17,"column":0},"end":{"line":17,"column":0}},"17":{"start":{"line":18,"column":0},"end":{"line":18,"column":75}},"18":{"start":{"line":19,"column":0},"end":{"line":19,"column":18}},"19":{"start":{"line":20,"column":0},"end":{"line":20,"column":0}},"20":{"start":{"line":21,"column":0},"end":{"line":21,"column":20}},"21":{"start":{"line":22,"column":0},"end":{"line":22,"column":23}},"22":{"start":{"line":23,"column":0},"end":{"line":23,"column":98}},"23":{"start":{"line":24,"column":0},"end":{"line":24,"column":13}},"24":{"start":{"line":25,"column":0},"end":{"line":25,"column":14}},"25":{"start":{"line":26,"column":0},"end":{"line":26,"column":20}},"26":{"start":{"line":27,"column":0},"end":{"line":27,"column":53}},"27":{"start":{"line":28,"column":0},"end":{"line":28,"column":55}},"28":{"start":{"line":29,"column":0},"end":{"line":29,"column":57}},"29":{"start":{"line":30,"column":0},"end":{"line":30,"column":57}},"30":{"start":{"line":31,"column":0},"end":{"line":31,"column":54}},"31":{"start":{"line":32,"column":0},"end":{"line":32,"column":57}},"32":{"start":{"line":33,"column":0},"end":{"line":33,"column":35}},"33":{"start":{"line":34,"column":0},"end":{"line":34,"column":96}},"34":{"start":{"line":35,"column":0},"end":{"line":35,"column":48}},"35":{"start":{"line":36,"column":0},"end":{"line":36,"column":11}},"36":{"start":{"line":37,"column":0},"end":{"line":37,"column":9}},"37":{"start":{"line":38,"column":0},"end":{"line":38,"column":39}},"38":{"start":{"line":39,"column":0},"end":{"line":39,"column":6}},"39":{"start":{"line":40,"column":0},"end":{"line":40,"column":4}},"40":{"start":{"line":41,"column":0},"end":{"line":41,"column":2}}},"s":{"0":1,"11":1,"12":1,"13":1,"14":1,"15":1,"16":1,"17":1,"18":47,"19":47,"20":47,"21":47,"22":47,"23":47,"24":47,"25":47,"26":4,"27":4,"28":4,"29":4,"30":4,"31":4,"32":4,"33":4,"34":4,"35":4,"36":47,"37":47,"38":47,"39":47,"40":47},"branchMap":{"0":{"type":"branch","line":16,"loc":{"start":{"line":16,"column":23},"end":{"line":16,"column":74}},"locations":[{"start":{"line":16,"column":23},"end":{"line":16,"column":74}}]},"1":{"type":"branch","line":18,"loc":{"start":{"line":18,"column":28},"end":{"line":41,"column":2}},"locations":[{"start":{"line":18,"column":28},"end":{"line":41,"column":2}}]},"2":{"type":"branch","line":21,"loc":{"start":{"line":21,"column":9},"end":{"line":40,"column":3}},"locations":[{"start":{"line":21,"column":9},"end":{"line":40,"column":3}}]},"3":{"type":"branch","line":23,"loc":{"start":{"line":23,"column":16},"end":{"line":23,"column":96}},"locations":[{"start":{"line":23,"column":16},"end":{"line":23,"column":96}}]},"4":{"type":"branch","line":23,"loc":{"start":{"line":23,"column":34},"end":{"line":23,"column":83}},"locations":[{"start":{"line":23,"column":34},"end":{"line":23,"column":83}}]},"5":{"type":"branch","line":23,"loc":{"start":{"line":23,"column":85},"end":{"line":23,"column":96}},"locations":[{"start":{"line":23,"column":85},"end":{"line":23,"column":96}}]},"6":{"type":"branch","line":23,"loc":{"start":{"line":23,"column":48},"end":{"line":23,"column":82}},"locations":[{"start":{"line":23,"column":48},"end":{"line":23,"column":82}}]},"7":{"type":"branch","line":26,"loc":{"start":{"line":26,"column":15},"end":{"line":36,"column":11}},"locations":[{"start":{"line":26,"column":15},"end":{"line":36,"column":11}}]},"8":{"type":"branch","line":35,"loc":{"start":{"line":35,"column":37},"end":{"line":35,"column":47}},"locations":[{"start":{"line":35,"column":37},"end":{"line":35,"column":47}}]},"9":{"type":"branch","line":29,"loc":{"start":{"line":29,"column":16},"end":{"line":29,"column":55}},"locations":[{"start":{"line":29,"column":16},"end":{"line":29,"column":55}}]},"10":{"type":"branch","line":29,"loc":{"start":{"line":29,"column":39},"end":{"line":29,"column":54}},"locations":[{"start":{"line":29,"column":39},"end":{"line":29,"column":54}}]},"11":{"type":"branch","line":31,"loc":{"start":{"line":31,"column":16},"end":{"line":31,"column":52}},"locations":[{"start":{"line":31,"column":16},"end":{"line":31,"column":52}}]},"12":{"type":"branch","line":33,"loc":{"start":{"line":33,"column":19},"end":{"line":33,"column":33}},"locations":[{"start":{"line":33,"column":19},"end":{"line":33,"column":33}}]},"13":{"type":"branch","line":34,"loc":{"start":{"line":34,"column":16},"end":{"line":34,"column":94}},"locations":[{"start":{"line":34,"column":16},"end":{"line":34,"column":94}}]}},"b":{"0":[4],"1":[47],"2":[47],"3":[49],"4":[4],"5":[45],"6":[4],"7":[4],"8":[1],"9":[4],"10":[4],"11":[4],"12":[4],"13":[4]},"fnMap":{"0":{"name":"defaultTimeout","decl":{"start":{"line":16,"column":23},"end":{"line":16,"column":74}},"loc":{"start":{"line":16,"column":23},"end":{"line":16,"column":74}},"line":16},"1":{"name":"networkRetry","decl":{"start":{"line":18,"column":28},"end":{"line":41,"column":2}},"loc":{"start":{"line":18,"column":28},"end":{"line":41,"column":2}},"line":18},"2":{"name":"delay","decl":{"start":{"line":26,"column":15},"end":{"line":36,"column":11}},"loc":{"start":{"line":26,"column":15},"end":{"line":36,"column":11}},"line":26}},"f":{"0":4,"1":47,"2":4}}
,"/home/runner/work/rxjs-collection/rxjs-collection/packages/operators/src/fetch/retry.test.js": {"path":"/home/runner/work/rxjs-collection/rxjs-collection/packages/operators/src/fetch/retry.test.js","all":false,"statementMap":{"0":{"start":{"line":1,"column":0},"end":{"line":1,"column":116}},"1":{"start":{"line":2,"column":0},"end":{"line":2,"column":130}},"2":{"start":{"line":3,"column":0},"end":{"line":3,"column":141}},"3":{"start":{"line":4,"column":0},"end":{"line":4,"column":0}},"4":{"start":{"line":5,"column":0},"end":{"line":5,"column":51}},"5":{"start":{"line":6,"column":0},"end":{"line":6,"column":0}},"6":{"start":{"line":7,"column":0},"end":{"line":7,"column":39}},"7":{"start":{"line":8,"column":0},"end":{"line":8,"column":20}},"8":{"start":{"line":9,"column":0},"end":{"line":9,"column":0}},"9":{"start":{"line":10,"column":0},"end":{"line":10,"column":26}},"10":{"start":{"line":11,"column":0},"end":{"line":11,"column":61}},"11":{"start":{"line":12,"column":0},"end":{"line":12,"column":42}},"12":{"start":{"line":13,"column":0},"end":{"line":13,"column":7}},"13":{"start":{"line":14,"column":0},"end":{"line":14,"column":5}},"14":{"start":{"line":15,"column":0},"end":{"line":15,"column":0}},"15":{"start":{"line":16,"column":0},"end":{"line":16,"column":43}},"16":{"start":{"line":17,"column":0},"end":{"line":17,"column":20}},"17":{"start":{"line":18,"column":0},"end":{"line":18,"column":0}},"18":{"start":{"line":19,"column":0},"end":{"line":19,"column":41}},"19":{"start":{"line":20,"column":0},"end":{"line":20,"column":44}},"20":{"start":{"line":21,"column":0},"end":{"line":21,"column":43}},"21":{"start":{"line":22,"column":0},"end":{"line":22,"column":6}},"22":{"start":{"line":23,"column":0},"end":{"line":23,"column":0}},"23":{"start":{"line":24,"column":0},"end":{"line":24,"column":49}},"24":{"start":{"line":25,"column":0},"end":{"line":25,"column":60}},"25":{"start":{"line":26,"column":0},"end":{"line":26,"column":23}},"26":{"start":{"line":27,"column":0},"end":{"line":27,"column":9}},"27":{"start":{"line":28,"column":0},"end":{"line":28,"column":7}},"28":{"start":{"line":29,"column":0},"end":{"line":29,"column":5}},"29":{"start":{"line":30,"column":0},"end":{"line":30,"column":3}}},"s":{"0":1,"1":1,"2":1,"3":1,"4":1,"5":1,"6":1,"7":1,"8":1,"9":1,"10":1,"11":1,"12":1,"13":1,"14":1,"15":1,"16":1,"17":1,"18":1,"19":1,"20":1,"21":1,"22":1,"23":1,"24":1,"25":1,"26":1,"27":1,"28":1,"29":1},"branchMap":{"0":{"type":"branch","line":7,"loc":{"start":{"line":7,"column":26},"end":{"line":30,"column":2}},"locations":[{"start":{"line":7,"column":26},"end":{"line":30,"column":2}}]},"1":{"type":"branch","line":10,"loc":{"start":{"line":10,"column":13},"end":{"line":14,"column":3}},"locations":[{"start":{"line":10,"column":13},"end":{"line":14,"column":3}}]},"2":{"type":"branch","line":11,"loc":{"start":{"line":11,"column":38},"end":{"line":13,"column":5}},"locations":[{"start":{"line":11,"column":38},"end":{"line":13,"column":5}}]},"3":{"type":"branch","line":16,"loc":{"start":{"line":16,"column":24},"end":{"line":29,"column":3}},"locations":[{"start":{"line":16,"column":24},"end":{"line":29,"column":3}}]},"4":{"type":"branch","line":20,"loc":{"start":{"line":20,"column":10},"end":{"line":20,"column":42}},"locations":[{"start":{"line":20,"column":10},"end":{"line":20,"column":42}}]},"5":{"type":"branch","line":21,"loc":{"start":{"line":21,"column":30},"end":{"line":21,"column":40}},"locations":[{"start":{"line":21,"column":30},"end":{"line":21,"column":40}}]},"6":{"type":"branch","line":24,"loc":{"start":{"line":24,"column":22},"end":{"line":28,"column":5}},"locations":[{"start":{"line":24,"column":22},"end":{"line":28,"column":5}}]}},"b":{"0":[1],"1":[1],"2":[1],"3":[1],"4":[3],"5":[4],"6":[1]},"fnMap":{"0":{"name":"timeout","decl":{"start":{"line":21,"column":30},"end":{"line":21,"column":40}},"loc":{"start":{"line":21,"column":30},"end":{"line":21,"column":40}},"line":21}},"f":{"0":4}}
,"/home/runner/work/rxjs-collection/rxjs-collection/packages/operators/src/fetch/upload.js": {"path":"/home/runner/work/rxjs-collection/rxjs-collection/packages/operators/src/fetch/upload.js","all":false,"statementMap":{"0":{"start":{"line":1,"column":0},"end":{"line":1,"column":48}},"1":{"start":{"line":2,"column":0},"end":{"line":2,"column":0}},"2":{"start":{"line":3,"column":0},"end":{"line":3,"column":29}},"3":{"start":{"line":4,"column":0},"end":{"line":4,"column":42}},"4":{"start":{"line":5,"column":0},"end":{"line":5,"column":2}}},"s":{"0":1,"1":1,"2":1,"3":1,"4":1},"branchMap":{"0":{"type":"branch","line":3,"loc":{"start":{"line":3,"column":22},"end":{"line":5,"column":2}},"locations":[{"start":{"line":3,"column":22},"end":{"line":5,"column":2}}]},"1":{"type":"branch","line":4,"loc":{"start":{"line":4,"column":9},"end":{"line":4,"column":41}},"locations":[{"start":{"line":4,"column":9},"end":{"line":4,"column":41}}]}},"b":{"0":[1],"1":[1]},"fnMap":{"0":{"name":"upload","decl":{"start":{"line":3,"column":22},"end":{"line":5,"column":2}},"loc":{"start":{"line":3,"column":22},"end":{"line":5,"column":2}},"line":3}},"f":{"0":1}}
,"/home/runner/work/rxjs-collection/rxjs-collection/packages/operators/src/fetch/upload.test.js": {"path":"/home/runner/work/rxjs-collection/rxjs-collection/packages/operators/src/fetch/upload.test.js","all":false,"statementMap":{"0":{"start":{"line":1,"column":0},"end":{"line":1,"column":120}},"1":{"start":{"line":2,"column":0},"end":{"line":2,"column":162}},"2":{"start":{"line":3,"column":0},"end":{"line":3,"column":111}},"3":{"start":{"line":4,"column":0},"end":{"line":4,"column":152}},"4":{"start":{"line":5,"column":0},"end":{"line":5,"column":0}},"5":{"start":{"line":6,"column":0},"end":{"line":6,"column":34}},"6":{"start":{"line":7,"column":0},"end":{"line":7,"column":52}},"7":{"start":{"line":8,"column":0},"end":{"line":8,"column":46}},"8":{"start":{"line":9,"column":0},"end":{"line":9,"column":0}},"9":{"start":{"line":10,"column":0},"end":{"line":10,"column":67}},"10":{"start":{"line":11,"column":0},"end":{"line":11,"column":26}},"11":{"start":{"line":12,"column":0},"end":{"line":12,"column":6}},"12":{"start":{"line":13,"column":0},"end":{"line":13,"column":5}},"13":{"start":{"line":14,"column":0},"end":{"line":14,"column":0}},"14":{"start":{"line":15,"column":0},"end":{"line":15,"column":25}},"15":{"start":{"line":16,"column":0},"end":{"line":16,"column":6}},"16":{"start":{"line":17,"column":0},"end":{"line":17,"column":5}},"17":{"start":{"line":18,"column":0},"end":{"line":18,"column":0}},"18":{"start":{"line":19,"column":0},"end":{"line":19,"column":43}},"19":{"start":{"line":20,"column":0},"end":{"line":20,"column":36}},"20":{"start":{"line":21,"column":0},"end":{"line":21,"column":17}},"21":{"start":{"line":22,"column":0},"end":{"line":22,"column":13}},"22":{"start":{"line":23,"column":0},"end":{"line":23,"column":15}},"23":{"start":{"line":24,"column":0},"end":{"line":24,"column":9}},"24":{"start":{"line":25,"column":0},"end":{"line":25,"column":93}},"25":{"start":{"line":26,"column":0},"end":{"line":26,"column":30}},"26":{"start":{"line":27,"column":0},"end":{"line":27,"column":12}},"27":{"start":{"line":28,"column":0},"end":{"line":28,"column":10}},"28":{"start":{"line":29,"column":0},"end":{"line":29,"column":24}},"29":{"start":{"line":30,"column":0},"end":{"line":30,"column":7}},"30":{"start":{"line":31,"column":0},"end":{"line":31,"column":6}},"31":{"start":{"line":32,"column":0},"end":{"line":32,"column":0}},"32":{"start":{"line":33,"column":0},"end":{"line":33,"column":86}},"33":{"start":{"line":34,"column":0},"end":{"line":34,"column":21}},"34":{"start":{"line":35,"column":0},"end":{"line":35,"column":20}},"35":{"start":{"line":36,"column":0},"end":{"line":36,"column":7}},"36":{"start":{"line":37,"column":0},"end":{"line":37,"column":0}},"37":{"start":{"line":38,"column":0},"end":{"line":38,"column":32}},"38":{"start":{"line":39,"column":0},"end":{"line":39,"column":13}},"39":{"start":{"line":40,"column":0},"end":{"line":40,"column":62}},"40":{"start":{"line":41,"column":0},"end":{"line":41,"column":20}},"41":{"start":{"line":42,"column":0},"end":{"line":42,"column":22}},"42":{"start":{"line":43,"column":0},"end":{"line":43,"column":21}},"43":{"start":{"line":44,"column":0},"end":{"line":44,"column":64}},"44":{"start":{"line":45,"column":0},"end":{"line":45,"column":53}},"45":{"start":{"line":46,"column":0},"end":{"line":46,"column":12}},"46":{"start":{"line":47,"column":0},"end":{"line":47,"column":32}},"47":{"start":{"line":48,"column":0},"end":{"line":48,"column":11}},"48":{"start":{"line":49,"column":0},"end":{"line":49,"column":7}},"49":{"start":{"line":50,"column":0},"end":{"line":50,"column":5}},"50":{"start":{"line":51,"column":0},"end":{"line":51,"column":3}}},"s":{"0":1,"1":1,"2":1,"3":1,"4":1,"5":1,"6":1,"7":1,"8":1,"9":1,"10":1,"11":1,"12":1,"13":1,"14":1,"15":1,"16":1,"17":1,"18":1,"19":1,"20":1,"21":1,"22":1,"23":1,"24":1,"25":1,"26":1,"27":1,"28":1,"29":1,"30":1,"31":1,"32":1,"33":1,"34":1,"35":1,"36":1,"37":1,"38":1,"39":1,"40":1,"41":1,"42":1,"43":1,"44":1,"45":1,"46":1,"47":1,"48":1,"49":1,"50":1},"branchMap":{"0":{"type":"branch","line":10,"loc":{"start":{"line":10,"column":54},"end":{"line":51,"column":2}},"locations":[{"start":{"line":10,"column":54},"end":{"line":51,"column":2}}]},"1":{"type":"branch","line":11,"loc":{"start":{"line":11,"column":13},"end":{"line":13,"column":3}},"locations":[{"start":{"line":11,"column":13},"end":{"line":13,"column":3}}]},"2":{"type":"branch","line":15,"loc":{"start":{"line":15,"column":12},"end":{"line":17,"column":3}},"locations":[{"start":{"line":15,"column":12},"end":{"line":17,"column":3}}]},"3":{"type":"branch","line":19,"loc":{"start":{"line":19,"column":30},"end":{"line":50,"column":3}},"locations":[{"start":{"line":19,"column":30},"end":{"line":50,"column":3}}]},"4":{"type":"branch","line":38,"loc":{"start":{"line":38,"column":23},"end":{"line":49,"column":5}},"locations":[{"start":{"line":38,"column":23},"end":{"line":49,"column":5}}]},"5":{"type":"branch","line":42,"loc":{"start":{"line":42,"column":16},"end":{"line":46,"column":11}},"locations":[{"start":{"line":42,"column":16},"end":{"line":46,"column":11}}]},"6":{"type":"branch","line":47,"loc":{"start":{"line":47,"column":20},"end":{"line":47,"column":32}},"locations":[{"start":{"line":47,"column":20},"end":{"line":47,"column":32}}]}},"b":{"0":[1],"1":[1],"2":[1],"3":[1],"4":[1],"5":[1],"6":[1]},"fnMap":{"0":{"name":"next","decl":{"start":{"line":42,"column":16},"end":{"line":46,"column":11}},"loc":{"start":{"line":42,"column":16},"end":{"line":46,"column":11}},"line":42},"1":{"name":"complete","decl":{"start":{"line":47,"column":20},"end":{"line":47,"column":32}},"loc":{"start":{"line":47,"column":20},"end":{"line":47,"column":32}},"line":47}},"f":{"0":1,"1":1}}
,"/home/runner/work/rxjs-collection/rxjs-collection/packages/test-utils/network.js": {"path":"/home/runner/work/rxjs-collection/rxjs-collection/packages/test-utils/network.js","all":false,"statementMap":{"0":{"start":{"line":1,"column":0},"end":{"line":1,"column":109}},"1":{"start":{"line":2,"column":0},"end":{"line":2,"column":0}},"2":{"start":{"line":3,"column":0},"end":{"line":3,"column":27}},"3":{"start":{"line":4,"column":0},"end":{"line":4,"column":19}},"4":{"start":{"line":5,"column":0},"end":{"line":5,"column":20}},"5":{"start":{"line":6,"column":0},"end":{"line":6,"column":3}},"6":{"start":{"line":7,"column":0},"end":{"line":7,"column":8}},"7":{"start":{"line":8,"column":0},"end":{"line":8,"column":0}},"8":{"start":{"line":9,"column":0},"end":{"line":9,"column":51}},"9":{"start":{"line":10,"column":0},"end":{"line":10,"column":53}},"10":{"start":{"line":11,"column":0},"end":{"line":11,"column":32}},"11":{"start":{"line":12,"column":0},"end":{"line":12,"column":20}},"12":{"start":{"line":13,"column":0},"end":{"line":13,"column":16}},"13":{"start":{"line":14,"column":0},"end":{"line":14,"column":2}},"14":{"start":{"line":15,"column":0},"end":{"line":15,"column":0}},"15":{"start":{"line":16,"column":0},"end":{"line":16,"column":32}},"16":{"start":{"line":17,"column":0},"end":{"line":17,"column":69}},"17":{"start":{"line":18,"column":0},"end":{"line":18,"column":16}},"18":{"start":{"line":19,"column":0},"end":{"line":19,"column":2}},"19":{"start":{"line":20,"column":0},"end":{"line":20,"column":0}},"20":{"start":{"line":21,"column":0},"end":{"line":21,"column":27}},"21":{"start":{"line":22,"column":0},"end":{"line":22,"column":100}},"22":{"start":{"line":23,"column":0},"end":{"line":23,"column":26}},"23":{"start":{"line":24,"column":0},"end":{"line":24,"column":2}}},"s":{"0":1,"1":1,"2":1,"3":1,"4":1,"5":1,"6":1,"7":1,"8":1,"9":1,"10":1,"11":2,"12":2,"13":2,"14":1,"15":1,"16":6,"17":6,"18":6,"19":1,"20":1,"21":8,"22":8,"23":8},"branchMap":{"0":{"type":"branch","line":9,"loc":{"start":{"line":9,"column":26},"end":{"line":9,"column":50}},"locations":[{"start":{"line":9,"column":26},"end":{"line":9,"column":50}}]},"1":{"type":"branch","line":10,"loc":{"start":{"line":10,"column":27},"end":{"line":10,"column":52}},"locations":[{"start":{"line":10,"column":27},"end":{"line":10,"column":52}}]},"2":{"type":"branch","line":11,"loc":{"start":{"line":11,"column":25},"end":{"line":14,"column":2}},"locations":[{"start":{"line":11,"column":25},"end":{"line":14,"column":2}}]},"3":{"type":"branch","line":16,"loc":{"start":{"line":16,"column":21},"end":{"line":19,"column":2}},"locations":[{"start":{"line":16,"column":21},"end":{"line":19,"column":2}}]},"4":{"type":"branch","line":21,"loc":{"start":{"line":21,"column":20},"end":{"line":24,"column":2}},"locations":[{"start":{"line":21,"column":20},"end":{"line":24,"column":2}}]}},"b":{"0":[2],"1":[4],"2":[2],"3":[6],"4":[8]},"fnMap":{"0":{"name":"mockOnline","decl":{"start":{"line":9,"column":26},"end":{"line":9,"column":50}},"loc":{"start":{"line":9,"column":26},"end":{"line":9,"column":50}},"line":9},"1":{"name":"mockOffline","decl":{"start":{"line":10,"column":27},"end":{"line":10,"column":52}},"loc":{"start":{"line":10,"column":27},"end":{"line":10,"column":52}},"line":10},"2":{"name":"mockReset","decl":{"start":{"line":11,"column":25},"end":{"line":14,"column":2}},"loc":{"start":{"line":11,"column":25},"end":{"line":14,"column":2}},"line":11},"3":{"name":"updateStatus","decl":{"start":{"line":16,"column":21},"end":{"line":19,"column":2}},"loc":{"start":{"line":16,"column":21},"end":{"line":19,"column":2}},"line":16},"4":{"name":"updateEvent","decl":{"start":{"line":21,"column":20},"end":{"line":24,"column":2}},"loc":{"start":{"line":21,"column":20},"end":{"line":24,"column":2}},"line":21}},"f":{"0":2,"1":4,"2":2,"3":6,"4":8}}
}
