TN:
SF:packages/observables/index.js
FN:1,(empty-report)
FNF:1
FNH:1
FNDA:1,(empty-report)
LF:0
LH:0
BRDA:1,0,0,1
BRF:1
BRH:1
end_of_record
TN:
SF:packages/observables/src/dom/window.js
FNF:0
FNH:0
DA:1,2
DA:2,2
DA:3,2
DA:4,2
DA:5,2
DA:6,2
DA:7,2
DA:8,2
DA:9,2
DA:10,2
LF:10
LH:10
BRDA:8,0,0,10
BRF:1
BRH:1
end_of_record
TN:
SF:packages/observables/src/dom/window.test.js
FN:32,b
FN:33,c
FN:34,d
FN:53,b
FN:54,c
FN:55,d
FNF:6
FNH:6
FNDA:1,b
FNDA:1,c
FNDA:1,d
FNDA:1,b
FNDA:1,c
FNDA:1,d
DA:1,1
DA:2,1
DA:3,1
DA:4,1
DA:5,1
DA:6,1
DA:7,1
DA:8,1
DA:9,1
DA:10,1
DA:11,1
DA:12,1
DA:13,2
DA:14,2
DA:15,2
DA:16,1
DA:17,1
DA:18,1
DA:19,2
DA:20,1
DA:21,1
DA:22,1
DA:23,1
DA:24,1
DA:25,1
DA:26,1
DA:27,1
DA:28,1
DA:29,1
DA:30,1
DA:31,1
DA:32,1
DA:33,1
DA:34,1
DA:35,1
DA:36,1
DA:37,1
DA:38,1
DA:39,1
DA:40,1
DA:41,1
DA:42,1
DA:43,1
DA:44,1
DA:45,1
DA:46,1
DA:47,1
DA:48,1
DA:49,1
DA:50,1
DA:51,1
DA:52,1
DA:53,1
DA:54,1
DA:55,1
DA:56,1
DA:57,1
DA:58,1
DA:59,1
DA:60,1
DA:61,1
DA:62,1
DA:63,1
LF:63
LH:63
BRDA:9,0,0,1
BRDA:12,1,0,2
BRDA:13,2,0,2
BRDA:18,3,0,2
BRDA:22,4,0,1
BRDA:32,5,0,1
BRDA:33,6,0,1
BRDA:34,7,0,1
BRDA:37,8,0,1
BRDA:39,9,0,3
BRDA:43,10,0,1
BRDA:53,11,0,1
BRDA:54,12,0,1
BRDA:55,13,0,1
BRDA:58,14,0,1
BRDA:60,15,0,3
BRF:16
BRH:16
end_of_record
TN:
SF:packages/observables/src/fetch/request.js
FN:3,requestObservable
FNF:1
FNH:1
FNDA:1,requestObservable
DA:1,1
DA:2,1
DA:3,1
DA:4,1
DA:5,1
DA:6,1
DA:7,1
DA:8,1
LF:8
LH:8
BRDA:3,0,0,1
BRF:1
BRH:1
end_of_record
TN:
SF:packages/observables/src/fetch/request.test.js
FNF:0
FNH:0
DA:1,1
DA:2,1
DA:3,1
DA:4,1
DA:5,1
DA:6,1
DA:7,1
DA:8,1
DA:9,1
DA:10,1
DA:11,1
DA:12,1
DA:13,1
DA:14,1
DA:15,1
DA:16,1
DA:17,1
DA:18,1
DA:19,1
DA:20,1
DA:21,1
DA:22,1
DA:23,1
DA:24,1
DA:25,1
DA:26,1
DA:27,1
DA:28,1
DA:29,1
DA:30,1
DA:31,1
DA:32,1
DA:33,1
DA:34,1
LF:34
LH:34
BRDA:6,0,0,1
BRDA:7,1,0,1
BRDA:22,2,0,1
BRDA:26,3,0,1
BRDA:27,4,0,1
BRDA:28,5,0,1
BRF:6
BRH:6
end_of_record
TN:
SF:packages/operators/src/index.js
FN:1,(empty-report)
FNF:1
FNH:1
FNDA:1,(empty-report)
LF:0
LH:0
BRDA:1,0,0,1
BRF:1
BRH:1
end_of_record
TN:
SF:packages/operators/src/request/retry.js
FN:16,defaultTimeout
FN:18,networkRetry
FN:31,delay
FNF:3
FNH:2
FNDA:0,defaultTimeout
FNDA:1,networkRetry
FNDA:2,delay
DA:1,1
DA:12,1
DA:13,1
DA:14,1
DA:15,1
DA:16,1
DA:17,1
DA:18,1
DA:19,1
DA:20,1
DA:21,1
DA:22,1
DA:23,1
DA:24,3
DA:25,2
DA:26,2
DA:27,1
DA:28,1
DA:29,1
DA:30,1
DA:31,1
DA:32,2
DA:33,2
DA:34,2
DA:35,2
DA:36,2
DA:37,2
DA:38,2
DA:39,2
DA:40,2
DA:41,2
DA:42,2
DA:43,2
DA:44,2
DA:45,1
DA:46,1
DA:47,1
DA:48,1
DA:49,1
LF:39
LH:39
BRDA:18,0,0,1
BRDA:21,1,0,1
BRDA:23,2,0,3
BRDA:24,3,0,2
BRDA:27,4,0,1
BRDA:25,5,0,2
BRDA:31,6,0,2
BRDA:42,7,0,0
BRDA:33,8,0,2
BRDA:33,9,0,2
BRDA:34,10,0,2
BRDA:35,11,0,2
BRDA:36,12,0,2
BRDA:39,13,0,0
BRF:14
BRH:12
end_of_record
TN:
SF:packages/operators/src/request/retry.test.js
FN:29,timeout
FNF:1
FNH:1
FNDA:6,timeout
DA:1,1
DA:2,1
DA:3,1
DA:4,1
DA:5,1
DA:6,1
DA:7,1
DA:8,1
DA:9,1
DA:10,1
DA:11,1
DA:12,1
DA:13,1
DA:14,1
DA:15,1
DA:16,1
DA:17,1
DA:18,1
DA:19,1
DA:20,1
DA:21,1
DA:22,3
DA:23,3
DA:24,2
DA:25,2
DA:26,1
DA:27,1
DA:28,1
DA:29,1
DA:30,1
DA:31,1
DA:32,1
DA:33,1
DA:34,1
DA:35,1
DA:36,1
DA:37,1
LF:37
LH:37
BRDA:7,0,0,1
BRDA:10,1,0,1
BRDA:11,2,0,1
BRDA:16,3,0,1
BRDA:21,4,0,3
BRDA:23,5,0,2
BRDA:26,6,0,1
BRDA:29,7,0,6
BRDA:31,8,0,1
BRF:9
BRH:9
end_of_record
TN:
SF:packages/test-utils/network.js
FN:9,mockOnline
FN:10,mockOffline
FN:11,mockReset
FN:16,updateStatus
FN:21,updateEvent
FNF:5
FNH:5
FNDA:2,mockOnline
FNDA:4,mockOffline
FNDA:2,mockReset
FNDA:6,updateStatus
FNDA:8,updateEvent
DA:1,1
DA:2,1
DA:3,1
DA:4,1
DA:5,1
DA:6,1
DA:7,1
DA:8,1
DA:9,1
DA:10,1
DA:11,1
DA:12,2
DA:13,2
DA:14,2
DA:15,1
DA:16,1
DA:17,6
DA:18,6
DA:19,6
DA:20,1
DA:21,1
DA:22,8
DA:23,8
DA:24,8
LF:24
LH:24
BRDA:9,0,0,2
BRDA:10,1,0,4
BRDA:11,2,0,2
BRDA:16,3,0,6
BRDA:21,4,0,8
BRF:5
BRH:5
end_of_record
