TN:
SF:setup.js
FNF:0
FNH:0
DA:1,1
DA:2,1
DA:3,1
DA:4,1
DA:5,1
DA:6,1
DA:7,1
DA:8,1
DA:9,1
DA:10,1
DA:11,1
DA:12,1
DA:13,10
DA:14,1
DA:15,1
DA:16,10
DA:17,1
LF:17
LH:17
BRDA:12,0,0,10
BRDA:13,1,0,50
BRDA:15,2,0,10
BRDA:16,3,0,50
BRF:4
BRH:4
end_of_record
TN:
SF:packages/observables/index.js
FN:1,(empty-report)
FNF:1
FNH:1
FNDA:1,(empty-report)
LF:0
LH:0
BRDA:1,0,0,1
BRF:1
BRH:1
end_of_record
TN:
SF:packages/observables/src/dom/window.js
FNF:0
FNH:0
DA:1,2
DA:2,2
DA:3,2
DA:4,2
DA:5,2
DA:6,2
DA:7,2
DA:8,2
DA:9,2
DA:10,2
LF:10
LH:10
BRDA:8,0,0,11
BRF:1
BRH:1
end_of_record
TN:
SF:packages/observables/src/dom/window.test.js
FN:32,b
FN:33,c
FN:34,d
FN:53,b
FN:54,c
FN:55,d
FNF:6
FNH:6
FNDA:1,b
FNDA:1,c
FNDA:1,d
FNDA:1,b
FNDA:1,c
FNDA:1,d
DA:1,1
DA:2,1
DA:3,1
DA:4,1
DA:5,1
DA:6,1
DA:7,1
DA:8,1
DA:9,1
DA:10,1
DA:11,1
DA:12,1
DA:13,2
DA:14,2
DA:15,2
DA:16,1
DA:17,1
DA:18,1
DA:19,2
DA:20,1
DA:21,1
DA:22,1
DA:23,1
DA:24,1
DA:25,1
DA:26,1
DA:27,1
DA:28,1
DA:29,1
DA:30,1
DA:31,1
DA:32,1
DA:33,1
DA:34,1
DA:35,1
DA:36,1
DA:37,1
DA:38,1
DA:39,1
DA:40,1
DA:41,1
DA:42,1
DA:43,1
DA:44,1
DA:45,1
DA:46,1
DA:47,1
DA:48,1
DA:49,1
DA:50,1
DA:51,1
DA:52,1
DA:53,1
DA:54,1
DA:55,1
DA:56,1
DA:57,1
DA:58,1
DA:59,1
DA:60,1
DA:61,1
DA:62,1
DA:63,1
LF:63
LH:63
BRDA:9,0,0,1
BRDA:12,1,0,2
BRDA:13,2,0,2
BRDA:18,3,0,2
BRDA:22,4,0,1
BRDA:32,5,0,1
BRDA:33,6,0,1
BRDA:34,7,0,1
BRDA:37,8,0,1
BRDA:39,9,0,3
BRDA:43,10,0,1
BRDA:53,11,0,1
BRDA:54,12,0,1
BRDA:55,13,0,1
BRDA:58,14,0,1
BRDA:60,15,0,3
BRF:16
BRH:16
end_of_record
TN:
SF:packages/operators/src/index.js
FN:1,(empty-report)
FNF:1
FNH:1
FNDA:1,(empty-report)
LF:0
LH:0
BRDA:1,0,0,1
BRF:1
BRH:1
end_of_record
TN:
SF:packages/operators/src/log.js
FN:3,log
FNF:1
FNH:1
FNDA:19,log
DA:1,1
DA:2,1
DA:3,1
DA:4,19
DA:5,19
DA:6,0
DA:7,0
DA:8,0
DA:9,0
DA:10,0
DA:11,0
DA:12,0
DA:13,0
DA:14,0
DA:15,0
DA:16,0
DA:17,0
DA:18,0
DA:19,0
DA:20,0
DA:21,0
DA:22,19
DA:23,19
DA:24,19
DA:25,19
DA:26,19
LF:26
LH:10
BRDA:3,0,0,19
BRDA:4,1,0,19
BRDA:5,2,0,0
BRF:3
BRH:2
end_of_record
TN:
SF:packages/operators/src/fetch/autoPagination.js
FN:5,autoPagination
FNF:1
FNH:1
FNDA:1,autoPagination
DA:1,1
DA:2,1
DA:3,1
DA:4,1
DA:5,1
DA:6,1
DA:7,1
DA:8,1
DA:9,1
DA:10,1
DA:11,1
DA:12,20
DA:13,20
DA:14,20
DA:15,20
DA:16,1
DA:17,1
DA:18,1
DA:19,1
DA:20,1
DA:21,1
LF:21
LH:21
BRDA:5,0,0,1
BRDA:6,1,0,1
BRDA:8,2,0,1
BRDA:11,3,0,20
BRDA:13,4,0,20
BRDA:19,5,0,20
BRF:6
BRH:6
end_of_record
TN:
SF:packages/operators/src/fetch/autoPagination.test.js
FN:18,resolveRoute
FN:37,next
FN:38,complete
FNF:3
FNH:3
FNDA:21,resolveRoute
FNDA:194,next
FNDA:1,complete
DA:1,1
DA:2,1
DA:3,1
DA:4,1
DA:5,1
DA:6,1
DA:7,1
DA:8,1
DA:9,1
DA:10,1
DA:11,1
DA:12,1
DA:13,1
DA:14,1
DA:15,1
DA:16,1
DA:17,1
DA:18,1
DA:19,21
DA:20,21
DA:21,21
DA:22,20
DA:23,20
DA:24,20
DA:25,20
DA:26,20
DA:27,20
DA:28,21
DA:29,1
DA:30,1
DA:31,1
DA:32,1
DA:33,1
DA:34,1
DA:35,1
DA:36,1
DA:37,1
DA:38,1
DA:39,1
DA:40,1
DA:41,1
DA:42,1
LF:42
LH:42
BRDA:8,0,0,1
BRDA:9,1,0,1
BRDA:13,2,0,1
BRDA:14,3,0,1
BRDA:18,4,0,21
BRDA:19,5,0,20
BRDA:19,6,0,1
BRDA:21,7,0,20
BRDA:21,8,0,20
BRDA:33,9,0,20
BRDA:37,10,0,194
BRDA:38,11,0,1
BRF:12
BRH:12
end_of_record
TN:
SF:packages/operators/src/fetch/concurrentDownload.js
FN:5,concurrentDownload
FNF:1
FNH:1
FNDA:2,concurrentDownload
DA:1,1
DA:2,1
DA:3,1
DA:4,1
DA:5,1
DA:6,2
DA:7,2
LF:7
LH:7
BRDA:5,0,0,2
BRDA:6,1,0,2
BRDA:6,2,0,17
BRF:3
BRH:3
end_of_record
TN:
SF:packages/operators/src/fetch/concurrentDownload.test.js
FN:35,next
FN:36,complete
FNF:2
FNH:2
FNDA:90,next
FNDA:1,complete
DA:1,1
DA:2,1
DA:3,1
DA:4,1
DA:5,1
DA:6,1
DA:7,1
DA:8,1
DA:9,1
DA:10,1
DA:11,1
DA:12,1
DA:13,1
DA:14,1
DA:15,1
DA:16,1
DA:17,1
DA:18,1
DA:19,1
DA:20,1
DA:21,1
DA:22,1
DA:23,1
DA:24,1
DA:25,1
DA:26,1
DA:27,1
DA:28,1
DA:29,1
DA:30,1
DA:31,1
DA:32,1
DA:33,1
DA:34,1
DA:35,1
DA:36,1
DA:37,1
DA:38,1
DA:39,1
DA:40,1
LF:40
LH:40
BRDA:8,0,0,1
BRDA:9,1,0,1
BRDA:13,2,0,1
BRDA:14,3,0,1
BRDA:31,4,0,9
BRDA:35,5,0,90
BRDA:36,6,0,1
BRF:7
BRH:7
end_of_record
TN:
SF:packages/operators/src/fetch/download.js
FN:4,download
FN:8,downloadJSON
FN:12,downloadText
FN:16,downloadBlob
FNF:4
FNH:2
FNDA:44,download
FNDA:1,downloadJSON
FNDA:0,downloadText
FNDA:0,downloadBlob
DA:1,1
DA:2,1
DA:3,1
DA:4,1
DA:5,44
DA:6,44
DA:7,1
DA:8,1
DA:9,1
DA:10,1
DA:11,1
DA:12,1
DA:13,0
DA:14,0
DA:15,1
DA:16,1
DA:17,0
DA:18,0
LF:18
LH:14
BRDA:4,0,0,44
BRDA:5,1,0,44
BRDA:8,2,0,1
BRDA:9,3,0,1
BRF:4
BRH:4
end_of_record
TN:
SF:packages/operators/src/fetch/download.test.js
FN:13,__vite_ssr_import_0__.default.mockGlobal.get.delay
FN:32,next
FN:33,complete
FN:42,next
FN:43,complete
FNF:5
FNH:5
FNDA:2,__vite_ssr_import_0__.default.mockGlobal.get.delay
FNDA:1,next
FNDA:1,complete
FNDA:1,next
FNDA:1,complete
DA:1,1
DA:2,1
DA:3,1
DA:4,1
DA:5,1
DA:6,1
DA:7,1
DA:8,1
DA:9,1
DA:10,1
DA:11,2
DA:12,2
DA:13,2
DA:14,2
DA:15,2
DA:16,2
DA:17,2
DA:18,2
DA:19,2
DA:20,2
DA:21,1
DA:22,1
DA:23,1
DA:24,2
DA:25,1
DA:26,1
DA:27,1
DA:28,1
DA:29,1
DA:30,1
DA:31,1
DA:32,1
DA:33,1
DA:34,1
DA:35,1
DA:36,1
DA:37,1
DA:38,1
DA:39,1
DA:40,1
DA:41,1
DA:42,1
DA:43,1
DA:44,1
DA:45,1
DA:46,1
LF:46
LH:46
BRDA:9,0,0,1
BRDA:10,1,0,2
BRDA:13,2,0,2
BRDA:23,3,0,2
BRDA:27,4,0,1
BRDA:28,5,0,1
BRDA:32,6,0,1
BRDA:33,7,0,1
BRDA:37,8,0,1
BRDA:38,9,0,1
BRDA:42,10,0,1
BRDA:43,11,0,1
BRF:12
BRH:12
end_of_record
TN:
SF:packages/operators/src/fetch/lazyPagination.js
FN:5,lazyPagination
FNF:1
FNH:1
FNDA:1,lazyPagination
DA:1,1
DA:2,1
DA:3,1
DA:4,1
DA:5,1
DA:6,1
DA:7,1
DA:8,1
DA:9,1
DA:10,1
DA:11,1
DA:12,1
DA:13,1
DA:14,1
DA:15,1
LF:15
LH:15
BRDA:5,0,0,1
BRDA:6,1,0,1
BRDA:8,2,0,1
BRDA:10,3,0,8
BRF:4
BRH:4
end_of_record
TN:
SF:packages/operators/src/fetch/lazyPagination.test.js
FN:20,resolveRoute
FN:36,next
FN:37,complete
FNF:3
FNH:3
FNDA:8,resolveRoute
FNDA:80,next
FNDA:1,complete
DA:1,1
DA:2,1
DA:3,1
DA:4,1
DA:5,1
DA:6,1
DA:7,1
DA:8,1
DA:9,1
DA:10,1
DA:11,1
DA:12,1
DA:13,1
DA:14,1
DA:15,1
DA:16,1
DA:17,1
DA:18,1
DA:19,1
DA:20,1
DA:21,8
DA:22,8
DA:23,8
DA:24,8
DA:25,8
DA:26,8
DA:27,1
DA:28,1
DA:29,1
DA:30,1
DA:31,1
DA:32,1
DA:33,1
DA:34,1
DA:35,1
DA:36,1
DA:37,1
DA:38,1
DA:39,1
DA:40,1
DA:41,1
DA:42,1
DA:43,1
DA:44,1
DA:45,1
DA:46,1
DA:47,1
DA:48,1
DA:49,1
DA:50,1
DA:51,1
LF:51
LH:51
BRDA:8,0,0,1
BRDA:9,1,0,1
BRDA:13,2,0,1
BRDA:16,3,0,1
BRDA:20,4,0,8
BRDA:31,5,0,8
BRDA:36,6,0,80
BRDA:37,7,0,1
BRF:8
BRH:8
end_of_record
TN:
SF:packages/operators/src/fetch/polling.js
FN:6,polling
FNF:1
FNH:1
FNDA:1,polling
DA:1,1
DA:2,1
DA:3,1
DA:4,1
DA:5,1
DA:6,1
DA:7,1
DA:8,1
DA:9,1
DA:10,1
DA:11,1
DA:12,1
DA:13,1
LF:13
LH:13
BRDA:6,0,0,1
BRDA:7,1,0,1
BRDA:10,2,0,3
BRF:3
BRH:3
end_of_record
TN:
SF:packages/operators/src/fetch/polling.test.js
FN:37,next
FN:38,complete
FNF:2
FNH:2
FNDA:2,next
FNDA:1,complete
DA:1,1
DA:2,1
DA:3,1
DA:4,1
DA:5,1
DA:6,1
DA:7,1
DA:8,1
DA:9,1
DA:10,1
DA:11,1
DA:12,1
DA:13,3
DA:14,2
DA:15,2
DA:16,2
DA:17,2
DA:18,2
DA:19,1
DA:20,1
DA:21,1
DA:22,1
DA:23,1
DA:24,1
DA:25,1
DA:26,1
DA:27,1
DA:28,1
DA:29,1
DA:30,1
DA:31,1
DA:32,1
DA:33,1
DA:34,1
DA:35,1
DA:36,1
DA:37,1
DA:38,1
DA:39,1
DA:40,1
DA:41,1
DA:42,1
LF:42
LH:42
BRDA:9,0,0,1
BRDA:10,1,0,1
BRDA:12,2,0,3
BRDA:13,3,0,2
BRDA:19,4,0,1
BRDA:26,5,0,1
BRDA:30,6,0,1
BRDA:33,7,0,1
BRDA:37,8,0,2
BRDA:38,9,0,1
BRF:10
BRH:10
end_of_record
TN:
SF:packages/operators/src/fetch/request.js
FN:5,request
FNF:1
FNH:1
FNDA:46,request
DA:1,1
DA:2,1
DA:3,1
DA:4,1
DA:5,1
DA:6,46
DA:7,46
DA:8,46
DA:9,46
DA:10,46
DA:11,46
LF:11
LH:11
BRDA:5,0,0,46
BRDA:6,1,0,46
BRDA:8,2,0,46
BRF:3
BRH:3
end_of_record
TN:
SF:packages/operators/src/fetch/request.test.js
FN:13,__vite_ssr_import_0__.default.mockGlobal.get.delay
FN:32,next
FN:33,complete
FNF:3
FNH:3
FNDA:3,__vite_ssr_import_0__.default.mockGlobal.get.delay
FNDA:1,next
FNDA:1,complete
DA:1,1
DA:2,1
DA:3,1
DA:4,1
DA:5,1
DA:6,1
DA:7,1
DA:8,1
DA:9,1
DA:10,1
DA:11,1
DA:12,1
DA:13,1
DA:14,3
DA:15,3
DA:16,3
DA:17,3
DA:18,1
DA:19,1
DA:20,1
DA:21,1
DA:22,1
DA:23,1
DA:24,1
DA:25,1
DA:26,1
DA:27,1
DA:28,1
DA:29,1
DA:30,1
DA:31,1
DA:32,1
DA:33,1
DA:34,1
DA:35,1
DA:36,1
LF:36
LH:36
BRDA:8,0,0,1
BRDA:9,1,0,1
BRDA:13,2,0,3
BRDA:15,3,0,1
BRDA:15,4,0,2
BRDA:23,5,0,1
BRDA:27,6,0,1
BRDA:28,7,0,1
BRDA:32,8,0,1
BRDA:33,9,0,1
BRF:10
BRH:10
end_of_record
TN:
SF:packages/operators/src/fetch/resolve.js
FN:3,resolve
FN:7,resolveJSON
FN:11,resolveText
FN:15,resolveBlob
FNF:4
FNH:3
FNDA:10,resolve
FNDA:8,resolveJSON
FNDA:2,resolveText
FNDA:0,resolveBlob
DA:1,1
DA:2,1
DA:3,1
DA:4,10
DA:5,10
DA:6,1
DA:7,1
DA:8,8
DA:9,8
DA:10,1
DA:11,1
DA:12,2
DA:13,2
DA:14,1
DA:15,1
DA:16,0
DA:17,0
LF:17
LH:15
BRDA:3,0,0,10
BRDA:4,1,0,10
BRDA:4,2,0,49
BRDA:7,3,0,8
BRDA:11,4,0,2
BRF:5
BRH:5
end_of_record
TN:
SF:packages/operators/src/fetch/resolve.test.js
FN:21,next
FN:22,complete
FN:32,next
FN:33,complete
FNF:4
FNH:4
FNDA:1,next
FNDA:1,complete
FNDA:1,next
FNDA:1,complete
DA:1,1
DA:2,1
DA:3,1
DA:4,1
DA:5,1
DA:6,1
DA:7,1
DA:8,1
DA:9,2
DA:10,1
DA:11,1
DA:12,1
DA:13,2
DA:14,1
DA:15,1
DA:16,1
DA:17,1
DA:18,1
DA:19,1
DA:20,1
DA:21,1
DA:22,1
DA:23,1
DA:24,1
DA:25,1
DA:26,1
DA:27,1
DA:28,1
DA:29,1
DA:30,1
DA:31,1
DA:32,1
DA:33,1
DA:34,1
DA:35,1
DA:36,1
DA:37,1
LF:37
LH:37
BRDA:7,0,0,1
BRDA:8,1,0,2
BRDA:12,2,0,2
BRDA:16,3,0,1
BRDA:17,4,0,1
BRDA:21,5,0,1
BRDA:22,6,0,1
BRDA:27,7,0,1
BRDA:28,8,0,1
BRDA:32,9,0,1
BRDA:33,10,0,1
BRF:11
BRH:11
end_of_record
TN:
SF:packages/operators/src/fetch/response.js
FN:4,distinctUntilResponseChanged
FNF:1
FNH:1
FNDA:2,distinctUntilResponseChanged
DA:1,1
DA:2,1
DA:3,1
DA:4,1
DA:5,2
DA:6,2
DA:7,2
DA:8,2
DA:9,2
DA:10,2
DA:11,2
LF:11
LH:11
BRDA:4,0,0,2
BRDA:5,1,0,2
BRDA:7,2,0,11
BRDA:8,3,0,9
BRDA:9,4,0,7
BRF:5
BRH:5
end_of_record
TN:
SF:packages/operators/src/fetch/response.test.js
FN:34,next
FN:35,complete
FNF:2
FNH:2
FNDA:5,next
FNDA:1,complete
DA:1,1
DA:2,1
DA:3,1
DA:4,1
DA:5,1
DA:6,1
DA:7,1
DA:8,1
DA:9,1
DA:10,1
DA:11,1
DA:12,1
DA:13,1
DA:14,1
DA:15,1
DA:16,1
DA:17,1
DA:18,1
DA:19,1
DA:20,1
DA:21,1
DA:22,1
DA:23,1
DA:24,1
DA:25,1
DA:26,1
DA:27,1
DA:28,1
DA:29,1
DA:30,1
DA:31,1
DA:32,1
DA:33,1
DA:34,1
DA:35,1
DA:36,1
DA:37,1
DA:38,1
DA:39,1
LF:39
LH:39
BRDA:8,0,0,1
BRDA:9,1,0,1
BRDA:13,2,0,1
BRDA:17,3,0,1
BRDA:30,4,0,1
BRDA:34,5,0,5
BRDA:35,6,0,1
BRF:7
BRH:7
end_of_record
TN:
SF:packages/operators/src/fetch/retry.js
FN:16,defaultTimeout
FN:18,networkRetry
FN:26,delay
FNF:3
FNH:3
FNDA:4,defaultTimeout
FNDA:47,networkRetry
FNDA:4,delay
DA:1,1
DA:12,1
DA:13,1
DA:14,1
DA:15,1
DA:16,1
DA:17,1
DA:18,1
DA:19,47
DA:20,47
DA:21,47
DA:22,47
DA:23,47
DA:24,47
DA:25,47
DA:26,47
DA:27,4
DA:28,4
DA:29,4
DA:30,4
DA:31,4
DA:32,4
DA:33,4
DA:34,4
DA:35,4
DA:36,4
DA:37,47
DA:38,47
DA:39,47
DA:40,47
DA:41,47
LF:31
LH:31
BRDA:16,0,0,4
BRDA:18,1,0,47
BRDA:21,2,0,47
BRDA:23,3,0,49
BRDA:23,4,0,4
BRDA:23,5,0,45
BRDA:23,6,0,4
BRDA:26,7,0,4
BRDA:35,8,0,1
BRDA:29,9,0,4
BRDA:29,10,0,4
BRDA:31,11,0,4
BRDA:33,12,0,4
BRDA:34,13,0,4
BRF:14
BRH:14
end_of_record
TN:
SF:packages/operators/src/fetch/retry.test.js
FN:21,timeout
FNF:1
FNH:1
FNDA:4,timeout
DA:1,1
DA:2,1
DA:3,1
DA:4,1
DA:5,1
DA:6,1
DA:7,1
DA:8,1
DA:9,1
DA:10,1
DA:11,1
DA:12,1
DA:13,1
DA:14,1
DA:15,1
DA:16,1
DA:17,1
DA:18,1
DA:19,1
DA:20,1
DA:21,1
DA:22,1
DA:23,1
DA:24,1
DA:25,1
DA:26,1
DA:27,1
DA:28,1
DA:29,1
DA:30,1
LF:30
LH:30
BRDA:7,0,0,1
BRDA:10,1,0,1
BRDA:11,2,0,1
BRDA:16,3,0,1
BRDA:20,4,0,3
BRDA:21,5,0,4
BRDA:24,6,0,1
BRF:7
BRH:7
end_of_record
TN:
SF:packages/operators/src/fetch/upload.js
FN:3,upload
FNF:1
FNH:1
FNDA:1,upload
DA:1,1
DA:2,1
DA:3,1
DA:4,1
DA:5,1
LF:5
LH:5
BRDA:3,0,0,1
BRDA:4,1,0,1
BRF:2
BRH:2
end_of_record
TN:
SF:packages/operators/src/fetch/upload.test.js
FN:42,next
FN:47,complete
FNF:2
FNH:2
FNDA:1,next
FNDA:1,complete
DA:1,1
DA:2,1
DA:3,1
DA:4,1
DA:5,1
DA:6,1
DA:7,1
DA:8,1
DA:9,1
DA:10,1
DA:11,1
DA:12,1
DA:13,1
DA:14,1
DA:15,1
DA:16,1
DA:17,1
DA:18,1
DA:19,1
DA:20,1
DA:21,1
DA:22,1
DA:23,1
DA:24,1
DA:25,1
DA:26,1
DA:27,1
DA:28,1
DA:29,1
DA:30,1
DA:31,1
DA:32,1
DA:33,1
DA:34,1
DA:35,1
DA:36,1
DA:37,1
DA:38,1
DA:39,1
DA:40,1
DA:41,1
DA:42,1
DA:43,1
DA:44,1
DA:45,1
DA:46,1
DA:47,1
DA:48,1
DA:49,1
DA:50,1
DA:51,1
LF:51
LH:51
BRDA:10,0,0,1
BRDA:11,1,0,1
BRDA:15,2,0,1
BRDA:19,3,0,1
BRDA:38,4,0,1
BRDA:42,5,0,1
BRDA:47,6,0,1
BRF:7
BRH:7
end_of_record
TN:
SF:packages/test-utils/network.js
FN:9,mockOnline
FN:10,mockOffline
FN:11,mockReset
FN:16,updateStatus
FN:21,updateEvent
FNF:5
FNH:5
FNDA:2,mockOnline
FNDA:4,mockOffline
FNDA:2,mockReset
FNDA:6,updateStatus
FNDA:8,updateEvent
DA:1,1
DA:2,1
DA:3,1
DA:4,1
DA:5,1
DA:6,1
DA:7,1
DA:8,1
DA:9,1
DA:10,1
DA:11,1
DA:12,2
DA:13,2
DA:14,2
DA:15,1
DA:16,1
DA:17,6
DA:18,6
DA:19,6
DA:20,1
DA:21,1
DA:22,8
DA:23,8
DA:24,8
LF:24
LH:24
BRDA:9,0,0,2
BRDA:10,1,0,4
BRDA:11,2,0,2
BRDA:16,3,0,6
BRDA:21,4,0,8
BRF:5
BRH:5
end_of_record
